2025-04-09 20:51:24,866 - __main__ - INFO - Starting backtest for XRPUSDT with SmallCap strategy
2025-04-09 20:51:26,664 - modules.binance_client - INFO - Successfully connected to Binance Testnet API
2025-04-09 20:51:29,405 - modules.binance_client - INFO - Time synchronized with Binance server. Offset: -1493ms
2025-04-09 20:51:29,406 - __main__ - INFO - Fetching historical data from: 30 days ago (as 2025-03-10)
2025-04-09 20:51:32,460 - modules.backtest - INFO - Running backtest on XRPUSDT 15m from 2025-03-10 to 2025-04-09
2025-04-09 20:51:32,461 - modules.backtest - INFO - Strategy: SmallCap, Initial Balance: 50.0
2025-04-09 20:51:32,595 - modules.strategies - INFO - SmallCap Strategy: BUY signal - EMA crossover with MACD confirmation
2025-04-09 20:51:32,647 - modules.strategies - INFO - SmallCap Strategy: BUY signal - EMA crossover with MACD confirmation
2025-04-09 20:51:32,738 - modules.strategies - INFO - SmallCap Strategy: SELL signal - EMA bearish crossover with MACD confirmation
2025-04-09 20:51:32,754 - modules.strategies - INFO - SmallCap Strategy: BUY signal - EMA crossover with MACD confirmation
2025-04-09 20:51:32,773 - modules.strategies - INFO - SmallCap Strategy: SELL signal - EMA bearish crossover with MACD confirmation
2025-04-09 20:51:32,825 - modules.strategies - INFO - SmallCap Strategy: SELL signal - EMA bearish crossover with MACD confirmation
2025-04-09 20:51:32,865 - modules.strategies - INFO - SmallCap Strategy: SELL signal - EMA bearish crossover with MACD confirmation
2025-04-09 20:51:32,961 - modules.strategies - INFO - SmallCap Strategy: BUY signal - EMA crossover with MACD confirmation
2025-04-09 20:51:33,134 - modules.strategies - INFO - SmallCap Strategy: SELL signal - EMA bearish crossover with MACD confirmation
2025-04-09 20:51:33,165 - modules.strategies - INFO - SmallCap Strategy: BUY signal - EMA crossover with MACD confirmation
2025-04-09 20:51:33,243 - modules.strategies - INFO - SmallCap Strategy: SELL signal - EMA bearish crossover with MACD confirmation
2025-04-09 20:51:33,260 - modules.strategies - INFO - SmallCap Strategy: BUY signal - EMA crossover with MACD confirmation
2025-04-09 20:51:33,308 - modules.strategies - INFO - SmallCap Strategy: SELL signal - EMA bearish crossover with MACD confirmation
2025-04-09 20:51:33,392 - modules.strategies - INFO - SmallCap Strategy: SELL signal - EMA bearish crossover with MACD confirmation
2025-04-09 20:51:33,625 - modules.strategies - INFO - SmallCap Strategy: BUY signal - EMA crossover with MACD confirmation
2025-04-09 20:51:33,803 - modules.strategies - INFO - SmallCap Strategy: SELL signal - EMA bearish crossover with MACD confirmation
2025-04-09 20:51:33,864 - modules.strategies - INFO - SmallCap Strategy: BUY signal - EMA crossover with MACD confirmation
2025-04-09 20:51:33,999 - modules.strategies - INFO - SmallCap Strategy: SELL signal - EMA bearish crossover with MACD confirmation
2025-04-09 20:51:34,053 - modules.strategies - INFO - SmallCap Strategy: SELL signal - EMA bearish crossover with MACD confirmation
2025-04-09 20:51:34,131 - modules.strategies - INFO - SmallCap Strategy: BUY signal - EMA crossover with MACD confirmation
2025-04-09 20:51:34,167 - modules.strategies - INFO - SmallCap Strategy: SELL signal - EMA bearish crossover with MACD confirmation
2025-04-09 20:51:34,184 - modules.strategies - INFO - SmallCap Strategy: BUY signal - EMA crossover with MACD confirmation
2025-04-09 20:51:34,205 - modules.strategies - INFO - SmallCap Strategy: SELL signal - EMA bearish crossover with MACD confirmation
2025-04-09 20:51:34,258 - modules.strategies - INFO - SmallCap Strategy: BUY signal - EMA crossover with MACD confirmation
2025-04-09 20:51:34,276 - modules.strategies - INFO - SmallCap Strategy: SELL signal - EMA bearish crossover with MACD confirmation
2025-04-09 20:51:34,293 - modules.strategies - INFO - SmallCap Strategy: BUY signal - EMA crossover with MACD confirmation
2025-04-09 20:51:34,382 - modules.strategies - INFO - SmallCap Strategy: SELL signal - EMA bearish crossover with MACD confirmation
2025-04-09 20:51:34,418 - modules.strategies - INFO - SmallCap Strategy: BUY signal - EMA crossover with MACD confirmation
2025-04-09 20:51:34,496 - modules.strategies - INFO - SmallCap Strategy: SELL signal - EMA bearish crossover with MACD confirmation
2025-04-09 20:51:34,532 - modules.strategies - INFO - SmallCap Strategy: BUY signal - EMA crossover with MACD confirmation
2025-04-09 20:51:34,712 - modules.strategies - INFO - SmallCap Strategy: SELL signal - EMA bearish crossover with MACD confirmation
2025-04-09 20:51:34,773 - modules.strategies - INFO - SmallCap Strategy: BUY signal - EMA crossover with MACD confirmation
2025-04-09 20:51:34,794 - modules.strategies - INFO - SmallCap Strategy: SELL signal - EMA bearish crossover with MACD confirmation
2025-04-09 20:51:34,842 - modules.strategies - INFO - SmallCap Strategy: BUY signal - EMA crossover with MACD confirmation
2025-04-09 20:51:34,876 - modules.strategies - INFO - SmallCap Strategy: SELL signal - EMA bearish crossover with MACD confirmation
2025-04-09 20:51:34,894 - modules.strategies - INFO - SmallCap Strategy: BUY signal - EMA crossover with MACD confirmation
2025-04-09 20:51:34,915 - modules.strategies - INFO - SmallCap Strategy: SELL signal - EMA bearish crossover with MACD confirmation
2025-04-09 20:51:34,933 - modules.strategies - INFO - SmallCap Strategy: BUY signal - EMA crossover with MACD confirmation
2025-04-09 20:51:35,004 - modules.strategies - INFO - SmallCap Strategy: SELL signal - EMA bearish crossover with MACD confirmation
2025-04-09 20:51:35,032 - modules.strategies - INFO - SmallCap Strategy: BUY signal - EMA crossover with MACD confirmation
2025-04-09 20:51:35,049 - modules.strategies - INFO - SmallCap Strategy: SELL signal - EMA bearish crossover with MACD confirmation
2025-04-09 20:51:35,154 - modules.strategies - INFO - SmallCap Strategy: BUY signal - EMA crossover with MACD confirmation
2025-04-09 20:51:35,306 - modules.strategies - INFO - SmallCap Strategy: SELL signal - EMA bearish crossover with MACD confirmation
2025-04-09 20:51:35,430 - modules.strategies - INFO - SmallCap Strategy: BUY signal - EMA crossover with MACD confirmation
2025-04-09 20:51:35,483 - modules.strategies - INFO - SmallCap Strategy: SELL signal - EMA bearish crossover with MACD confirmation
2025-04-09 20:51:35,517 - modules.strategies - INFO - SmallCap Strategy: BUY signal - EMA crossover with MACD confirmation
2025-04-09 20:51:35,581 - modules.strategies - INFO - SmallCap Strategy: SELL signal - EMA bearish crossover with MACD confirmation
2025-04-09 20:51:35,643 - modules.strategies - INFO - SmallCap Strategy: BUY signal - EMA crossover with MACD confirmation
2025-04-09 20:51:35,674 - modules.strategies - INFO - SmallCap Strategy: SELL signal - EMA bearish crossover with MACD confirmation
2025-04-09 20:51:35,742 - modules.strategies - INFO - SmallCap Strategy: BUY signal - EMA crossover with MACD confirmation
2025-04-09 20:51:35,830 - modules.strategies - INFO - SmallCap Strategy: SELL signal - EMA bearish crossover with MACD confirmation
2025-04-09 20:51:35,853 - modules.strategies - INFO - SmallCap Strategy: BUY signal - EMA crossover with MACD confirmation
2025-04-09 20:51:35,924 - modules.strategies - INFO - SmallCap Strategy: SELL signal - EMA bearish crossover with MACD confirmation
2025-04-09 20:51:35,959 - modules.strategies - INFO - SmallCap Strategy: BUY signal - EMA crossover with MACD confirmation
2025-04-09 20:51:36,018 - modules.strategies - INFO - SmallCap Strategy: SELL signal - EMA bearish crossover with MACD confirmation
2025-04-09 20:51:36,056 - modules.strategies - INFO - SmallCap Strategy: BUY signal - EMA crossover with MACD confirmation
2025-04-09 20:51:36,194 - modules.strategies - INFO - SmallCap Strategy: SELL signal - EMA bearish crossover with MACD confirmation
2025-04-09 20:51:36,287 - modules.strategies - INFO - SmallCap Strategy: BUY signal - EMA crossover with MACD confirmation
2025-04-09 20:51:36,309 - modules.strategies - INFO - SmallCap Strategy: SELL signal - EMA bearish crossover with MACD confirmation
2025-04-09 20:51:36,335 - modules.strategies - INFO - SmallCap Strategy: BUY signal - EMA crossover with MACD confirmation
2025-04-09 20:51:36,426 - modules.strategies - INFO - SmallCap Strategy: SELL signal - EMA bearish crossover with MACD confirmation
2025-04-09 20:51:36,442 - modules.strategies - INFO - SmallCap Strategy: BUY signal - EMA crossover with MACD confirmation
2025-04-09 20:51:36,487 - modules.strategies - INFO - SmallCap Strategy: SELL signal - EMA bearish crossover with MACD confirmation
2025-04-09 20:51:36,507 - modules.strategies - INFO - SmallCap Strategy: BUY signal - EMA crossover with MACD confirmation
2025-04-09 20:51:36,599 - modules.strategies - INFO - SmallCap Strategy: SELL signal - EMA bearish crossover with MACD confirmation
2025-04-09 20:51:36,649 - modules.strategies - INFO - SmallCap Strategy: SELL signal - EMA bearish crossover with MACD confirmation
2025-04-09 20:51:36,750 - modules.strategies - INFO - SmallCap Strategy: BUY signal - EMA crossover with MACD confirmation
2025-04-09 20:51:36,855 - modules.strategies - INFO - SmallCap Strategy: SELL signal - EMA bearish crossover with MACD confirmation
2025-04-09 20:51:36,981 - modules.strategies - INFO - SmallCap Strategy: BUY signal - EMA crossover with MACD confirmation
2025-04-09 20:51:37,239 - modules.strategies - INFO - SmallCap Strategy: BUY signal - EMA crossover with MACD confirmation
2025-04-09 20:51:37,300 - modules.strategies - INFO - SmallCap Strategy: BUY signal - EMA crossover with MACD confirmation
2025-04-09 20:51:37,340 - modules.strategies - INFO - SmallCap Strategy: BUY signal - EMA crossover with MACD confirmation
2025-04-09 20:51:37,453 - modules.strategies - INFO - SmallCap Strategy: BUY signal - EMA crossover with MACD confirmation
2025-04-09 20:51:37,475 - modules.strategies - INFO - SmallCap Strategy: SELL signal - EMA bearish crossover with MACD confirmation
2025-04-09 20:51:37,575 - modules.strategies - INFO - SmallCap Strategy: BUY signal - EMA crossover with MACD confirmation
2025-04-09 20:51:37,718 - modules.strategies - INFO - SmallCap Strategy: SELL signal - EMA bearish crossover with MACD confirmation
2025-04-09 20:51:37,775 - modules.strategies - INFO - SmallCap Strategy: BUY signal - EMA crossover with MACD confirmation
2025-04-09 20:51:38,138 - modules.strategies - INFO - SmallCap Strategy: SELL signal - EMA bearish crossover with MACD confirmation
2025-04-09 20:51:38,327 - modules.strategies - INFO - SmallCap Strategy: BUY signal - EMA crossover with MACD confirmation
2025-04-09 20:51:38,484 - modules.strategies - INFO - SmallCap Strategy: BUY signal - EMA crossover with MACD confirmation
2025-04-09 20:51:38,553 - modules.strategies - INFO - SmallCap Strategy: BUY signal - EMA crossover with MACD confirmation
2025-04-09 20:51:38,604 - modules.strategies - INFO - SmallCap Strategy: SELL signal - EMA bearish crossover with MACD confirmation
2025-04-09 20:51:38,660 - modules.strategies - INFO - SmallCap Strategy: BUY signal - EMA crossover with MACD confirmation
2025-04-09 20:51:38,689 - modules.strategies - INFO - SmallCap Strategy: SELL signal - EMA bearish crossover with MACD confirmation
2025-04-09 20:51:38,791 - modules.strategies - INFO - SmallCap Strategy: BUY signal - EMA crossover with MACD confirmation
2025-04-09 20:51:38,876 - modules.strategies - INFO - SmallCap Strategy: BUY signal - EMA crossover with MACD confirmation
2025-04-09 20:51:38,895 - modules.strategies - INFO - SmallCap Strategy: SELL signal - EMA bearish crossover with MACD confirmation
2025-04-09 20:51:38,975 - modules.strategies - INFO - SmallCap Strategy: BUY signal - EMA crossover with MACD confirmation
2025-04-09 20:51:39,140 - modules.strategies - INFO - SmallCap Strategy: SELL signal - EMA bearish crossover with MACD confirmation
2025-04-09 20:51:39,182 - modules.strategies - INFO - SmallCap Strategy: SELL signal - EMA bearish crossover with MACD confirmation
2025-04-09 20:51:39,480 - modules.strategies - INFO - SmallCap Strategy: BUY signal - EMA crossover with MACD confirmation
2025-04-09 20:51:39,579 - modules.strategies - INFO - SmallCap Strategy: BUY signal - EMA crossover with MACD confirmation
2025-04-09 20:51:39,661 - modules.strategies - INFO - SmallCap Strategy: SELL signal - EMA bearish crossover with MACD confirmation
2025-04-09 20:51:39,693 - modules.strategies - INFO - SmallCap Strategy: BUY signal - EMA crossover with MACD confirmation
2025-04-09 20:51:39,806 - modules.strategies - INFO - SmallCap Strategy: SELL signal - EMA bearish crossover with MACD confirmation
2025-04-09 20:51:39,887 - modules.strategies - INFO - SmallCap Strategy: SELL signal - EMA bearish crossover with MACD confirmation
2025-04-09 20:51:40,004 - modules.strategies - INFO - SmallCap Strategy: BUY signal - EMA crossover with MACD confirmation
2025-04-09 20:51:40,033 - modules.strategies - INFO - SmallCap Strategy: SELL signal - EMA bearish crossover with MACD confirmation
2025-04-09 20:51:40,067 - modules.strategies - INFO - SmallCap Strategy: BUY signal - EMA crossover with MACD confirmation
2025-04-09 20:51:40,090 - modules.strategies - INFO - SmallCap Strategy: SELL signal - EMA bearish crossover with MACD confirmation
2025-04-09 20:51:40,234 - modules.strategies - INFO - SmallCap Strategy: BUY signal - EMA crossover with MACD confirmation
2025-04-09 20:51:40,346 - modules.strategies - INFO - SmallCap Strategy: BUY signal - EMA crossover with MACD confirmation
2025-04-09 20:51:40,387 - modules.strategies - INFO - SmallCap Strategy: BUY signal - EMA crossover with MACD confirmation
2025-04-09 20:51:40,430 - modules.strategies - INFO - SmallCap Strategy: SELL signal - EMA bearish crossover with MACD confirmation
2025-04-09 20:51:40,476 - modules.strategies - INFO - SmallCap Strategy: BUY signal - EMA crossover with MACD confirmation
2025-04-09 20:51:40,517 - modules.strategies - INFO - SmallCap Strategy: SELL signal - EMA bearish crossover with MACD confirmation
2025-04-09 20:51:40,542 - modules.strategies - INFO - SmallCap Strategy: BUY signal - EMA crossover with MACD confirmation
2025-04-09 20:51:40,806 - modules.strategies - INFO - SmallCap Strategy: SELL signal - EMA bearish crossover with MACD confirmation
2025-04-09 20:51:41,139 - modules.strategies - INFO - SmallCap Strategy: BUY signal - EMA crossover with MACD confirmation
2025-04-09 20:51:41,423 - modules.strategies - INFO - SmallCap Strategy: SELL signal - EMA bearish crossover with MACD confirmation
2025-04-09 20:51:41,582 - modules.strategies - INFO - SmallCap Strategy: SELL signal - EMA bearish crossover with MACD confirmation
2025-04-09 20:51:41,667 - modules.strategies - INFO - SmallCap Strategy: SELL signal - EMA bearish crossover with MACD confirmation
2025-04-09 20:51:41,868 - modules.strategies - INFO - SmallCap Strategy: BUY signal - EMA crossover with MACD confirmation
2025-04-09 20:51:42,084 - modules.strategies - INFO - SmallCap Strategy: SELL signal - EMA bearish crossover with MACD confirmation
2025-04-09 20:51:42,152 - modules.strategies - INFO - SmallCap Strategy: SELL signal - EMA bearish crossover with MACD confirmation
2025-04-09 20:51:42,340 - modules.strategies - INFO - SmallCap Strategy: BUY signal - EMA crossover with MACD confirmation
2025-04-09 20:51:42,445 - modules.strategies - INFO - SmallCap Strategy: SELL signal - EMA bearish crossover with MACD confirmation
2025-04-09 20:51:42,891 - modules.strategies - INFO - SmallCap Strategy: BUY signal - EMA crossover with MACD confirmation
2025-04-09 20:51:42,981 - modules.strategies - INFO - SmallCap Strategy: BUY signal - EMA crossover with MACD confirmation
2025-04-09 20:51:43,234 - modules.strategies - INFO - SmallCap Strategy: SELL signal - EMA bearish crossover with MACD confirmation
2025-04-09 20:51:43,325 - modules.strategies - INFO - SmallCap Strategy: BUY signal - EMA crossover with MACD confirmation
2025-04-09 20:51:43,352 - modules.strategies - INFO - SmallCap Strategy: SELL signal - EMA bearish crossover with MACD confirmation
2025-04-09 20:51:43,388 - modules.strategies - INFO - SmallCap Strategy: BUY signal - EMA crossover with MACD confirmation
2025-04-09 20:51:43,573 - modules.strategies - INFO - SmallCap Strategy: SELL signal - EMA bearish crossover with MACD confirmation
2025-04-09 20:51:43,753 - modules.strategies - INFO - SmallCap Strategy: SELL signal - EMA bearish crossover with MACD confirmation
2025-04-09 20:51:43,820 - modules.strategies - INFO - SmallCap Strategy: SELL signal - EMA bearish crossover with MACD confirmation
2025-04-09 20:51:43,948 - modules.strategies - INFO - SmallCap Strategy: BUY signal - EMA crossover with MACD confirmation
2025-04-09 20:51:44,110 - modules.strategies - INFO - SmallCap Strategy: SELL signal - EMA bearish crossover with MACD confirmation
2025-04-09 20:51:44,156 - modules.strategies - INFO - SmallCap Strategy: SELL signal - EMA bearish crossover with MACD confirmation
2025-04-09 20:51:44,198 - modules.strategies - INFO - SmallCap Strategy: SELL signal - EMA bearish crossover with MACD confirmation
2025-04-09 20:51:44,275 - modules.strategies - INFO - SmallCap Strategy: SELL signal - EMA bearish crossover with MACD confirmation
2025-04-09 20:51:44,386 - modules.strategies - INFO - SmallCap Strategy: BUY signal - EMA crossover with MACD confirmation
2025-04-09 20:51:44,409 - modules.strategies - INFO - SmallCap Strategy: SELL signal - EMA bearish crossover with MACD confirmation
2025-04-09 20:51:44,434 - modules.strategies - INFO - SmallCap Strategy: BUY signal - EMA crossover with MACD confirmation
2025-04-09 20:51:44,509 - modules.strategies - INFO - SmallCap Strategy: SELL signal - EMA bearish crossover with MACD confirmation
2025-04-09 20:51:44,659 - modules.strategies - INFO - SmallCap Strategy: BUY signal - EMA crossover with MACD confirmation
2025-04-09 20:51:44,770 - modules.strategies - INFO - SmallCap Strategy: BUY signal - EMA crossover with MACD confirmation
2025-04-09 20:51:44,867 - modules.strategies - INFO - SmallCap Strategy: SELL signal - EMA bearish crossover with MACD confirmation
2025-04-09 20:51:44,889 - modules.strategies - INFO - SmallCap Strategy: BUY signal - EMA crossover with MACD confirmation
2025-04-09 20:51:44,915 - modules.strategies - INFO - SmallCap Strategy: SELL signal - EMA bearish crossover with MACD confirmation
2025-04-09 20:51:44,966 - modules.strategies - INFO - SmallCap Strategy: BUY signal - EMA crossover with MACD confirmation
2025-04-09 20:51:45,001 - modules.strategies - INFO - SmallCap Strategy: SELL signal - EMA bearish crossover with MACD confirmation
2025-04-09 20:51:45,026 - modules.strategies - INFO - SmallCap Strategy: BUY signal - EMA crossover with MACD confirmation
2025-04-09 20:51:45,055 - modules.strategies - INFO - SmallCap Strategy: SELL signal - EMA bearish crossover with MACD confirmation
2025-04-09 20:51:45,084 - modules.strategies - INFO - SmallCap Strategy: BUY signal - EMA crossover with MACD confirmation
2025-04-09 20:51:45,257 - modules.strategies - INFO - SmallCap Strategy: SELL signal - EMA bearish crossover with MACD confirmation
2025-04-09 20:51:45,284 - modules.strategies - INFO - SmallCap Strategy: BUY signal - EMA crossover with MACD confirmation
2025-04-09 20:51:45,349 - modules.strategies - INFO - SmallCap Strategy: SELL signal - EMA bearish crossover with MACD confirmation
2025-04-09 20:51:45,422 - modules.strategies - INFO - SmallCap Strategy: SELL signal - EMA bearish crossover with MACD confirmation
2025-04-09 20:51:45,503 - modules.strategies - INFO - SmallCap Strategy: SELL signal - EMA bearish crossover with MACD confirmation
2025-04-09 20:51:45,537 - modules.strategies - INFO - SmallCap Strategy: BUY signal - EMA crossover with MACD confirmation
2025-04-09 20:51:45,593 - modules.strategies - INFO - SmallCap Strategy: SELL signal - EMA bearish crossover with MACD confirmation
2025-04-09 20:51:45,698 - modules.strategies - INFO - SmallCap Strategy: BUY signal - EMA crossover with MACD confirmation
2025-04-09 20:51:45,730 - modules.strategies - INFO - SmallCap Strategy: SELL signal - EMA bearish crossover with MACD confirmation
2025-04-09 20:51:45,772 - modules.strategies - INFO - SmallCap Strategy: BUY signal - EMA crossover with MACD confirmation
2025-04-09 20:51:45,799 - modules.strategies - INFO - SmallCap Strategy: SELL signal - EMA bearish crossover with MACD confirmation
2025-04-09 20:51:45,832 - modules.strategies - INFO - SmallCap Strategy: BUY signal - EMA crossover with MACD confirmation
2025-04-09 20:51:45,859 - modules.strategies - INFO - SmallCap Strategy: SELL signal - EMA bearish crossover with MACD confirmation
2025-04-09 20:51:45,960 - modules.strategies - INFO - SmallCap Strategy: BUY signal - EMA crossover with MACD confirmation
2025-04-09 20:51:46,265 - modules.strategies - INFO - SmallCap Strategy: SELL signal - EMA bearish crossover with MACD confirmation
2025-04-09 20:51:46,394 - modules.strategies - INFO - SmallCap Strategy: BUY signal - EMA crossover with MACD confirmation
2025-04-09 20:51:46,526 - modules.strategies - INFO - SmallCap Strategy: SELL signal - EMA bearish crossover with MACD confirmation
2025-04-09 20:51:46,582 - modules.strategies - INFO - SmallCap Strategy: SELL signal - EMA bearish crossover with MACD confirmation
2025-04-09 20:51:46,818 - modules.strategies - INFO - SmallCap Strategy: BUY signal - EMA crossover with MACD confirmation
2025-04-09 20:51:46,846 - modules.strategies - INFO - SmallCap Strategy: SELL signal - EMA bearish crossover with MACD confirmation
2025-04-09 20:51:46,925 - modules.strategies - INFO - SmallCap Strategy: BUY signal - EMA crossover with MACD confirmation
2025-04-09 20:51:47,160 - modules.strategies - INFO - SmallCap Strategy: SELL signal - EMA bearish crossover with MACD confirmation
2025-04-09 20:51:47,227 - modules.strategies - INFO - SmallCap Strategy: BUY signal - EMA crossover with MACD confirmation
2025-04-09 20:51:47,275 - modules.strategies - INFO - SmallCap Strategy: SELL signal - EMA bearish crossover with MACD confirmation
2025-04-09 20:51:47,330 - modules.strategies - INFO - SmallCap Strategy: SELL signal - EMA bearish crossover with MACD confirmation
2025-04-09 20:51:47,815 - modules.strategies - INFO - SmallCap Strategy: BUY signal - EMA crossover with MACD confirmation
2025-04-09 20:51:48,071 - modules.strategies - INFO - SmallCap Strategy: SELL signal - EMA bearish crossover with MACD confirmation
2025-04-09 20:51:48,307 - modules.strategies - INFO - SmallCap Strategy: BUY signal - EMA crossover with MACD confirmation
2025-04-09 20:51:48,387 - modules.strategies - INFO - SmallCap Strategy: SELL signal - EMA bearish crossover with MACD confirmation
2025-04-09 20:51:48,439 - modules.strategies - INFO - SmallCap Strategy: BUY signal - EMA crossover with MACD confirmation
2025-04-09 20:51:48,470 - modules.strategies - INFO - SmallCap Strategy: SELL signal - EMA bearish crossover with MACD confirmation
2025-04-09 20:51:48,501 - modules.strategies - INFO - SmallCap Strategy: BUY signal - EMA crossover with MACD confirmation
2025-04-09 20:51:48,732 - modules.strategies - INFO - SmallCap Strategy: SELL signal - EMA bearish crossover with MACD confirmation
2025-04-09 20:51:48,993 - modules.strategies - INFO - SmallCap Strategy: BUY signal - EMA crossover with MACD confirmation
2025-04-09 20:51:49,072 - modules.strategies - INFO - SmallCap Strategy: BUY signal - EMA crossover with MACD confirmation
2025-04-09 20:51:49,141 - modules.strategies - INFO - SmallCap Strategy: SELL signal - EMA bearish crossover with MACD confirmation
2025-04-09 20:51:49,200 - modules.strategies - INFO - SmallCap Strategy: BUY signal - EMA crossover with MACD confirmation
2025-04-09 20:51:49,278 - modules.strategies - INFO - SmallCap Strategy: SELL signal - EMA bearish crossover with MACD confirmation
2025-04-09 20:51:49,339 - modules.strategies - INFO - SmallCap Strategy: BUY signal - EMA crossover with MACD confirmation
2025-04-09 20:51:49,418 - modules.strategies - INFO - SmallCap Strategy: SELL signal - EMA bearish crossover with MACD confirmation
2025-04-09 20:51:49,453 - modules.strategies - INFO - SmallCap Strategy: BUY signal - EMA crossover with MACD confirmation
2025-04-09 20:51:49,690 - modules.strategies - INFO - SmallCap Strategy: SELL signal - EMA bearish crossover with MACD confirmation
2025-04-09 20:51:49,740 - modules.strategies - INFO - SmallCap Strategy: BUY signal - EMA crossover with MACD confirmation
2025-04-09 20:51:49,770 - modules.strategies - INFO - SmallCap Strategy: SELL signal - EMA bearish crossover with MACD confirmation
2025-04-09 20:51:49,854 - modules.strategies - INFO - SmallCap Strategy: SELL signal - EMA bearish crossover with MACD confirmation
2025-04-09 20:51:49,881 - modules.strategies - INFO - SmallCap Strategy: BUY signal - EMA crossover with MACD confirmation
2025-04-09 20:51:49,918 - modules.strategies - INFO - SmallCap Strategy: SELL signal - EMA bearish crossover with MACD confirmation
2025-04-09 20:51:49,973 - modules.strategies - INFO - SmallCap Strategy: BUY signal - EMA crossover with MACD confirmation
2025-04-09 20:51:49,996 - modules.strategies - INFO - SmallCap Strategy: SELL signal - EMA bearish crossover with MACD confirmation
2025-04-09 20:51:50,286 - modules.strategies - INFO - SmallCap Strategy: BUY signal - EMA crossover with MACD confirmation
2025-04-09 20:51:50,476 - modules.strategies - INFO - SmallCap Strategy: SELL signal - EMA bearish crossover with MACD confirmation
2025-04-09 20:51:50,541 - modules.strategies - INFO - SmallCap Strategy: BUY signal - EMA crossover with MACD confirmation
2025-04-09 20:51:50,572 - modules.strategies - INFO - SmallCap Strategy: SELL signal - EMA bearish crossover with MACD confirmation
2025-04-09 20:51:50,603 - modules.strategies - INFO - SmallCap Strategy: BUY signal - EMA crossover with MACD confirmation
2025-04-09 20:51:50,887 - modules.strategies - INFO - SmallCap Strategy: SELL signal - EMA bearish crossover with MACD confirmation
2025-04-09 20:51:51,006 - modules.strategies - INFO - SmallCap Strategy: SELL signal - EMA bearish crossover with MACD confirmation
2025-04-09 20:51:51,060 - modules.strategies - INFO - SmallCap Strategy: SELL signal - EMA bearish crossover with MACD confirmation
2025-04-09 20:51:51,143 - modules.strategies - INFO - SmallCap Strategy: BUY signal - EMA crossover with MACD confirmation
2025-04-09 20:51:51,483 - modules.strategies - INFO - SmallCap Strategy: SELL signal - EMA bearish crossover with MACD confirmation
2025-04-09 20:51:51,682 - modules.strategies - INFO - SmallCap Strategy: SELL signal - EMA bearish crossover with MACD confirmation
2025-04-09 20:51:51,887 - modules.strategies - INFO - SmallCap Strategy: BUY signal - EMA crossover with MACD confirmation
2025-04-09 20:51:51,917 - modules.strategies - INFO - SmallCap Strategy: SELL signal - EMA bearish crossover with MACD confirmation
2025-04-09 20:51:51,989 - modules.strategies - INFO - SmallCap Strategy: BUY signal - EMA crossover with MACD confirmation
2025-04-09 20:51:52,015 - modules.strategies - INFO - SmallCap Strategy: SELL signal - EMA bearish crossover with MACD confirmation
2025-04-09 20:51:52,359 - modules.strategies - INFO - SmallCap Strategy: BUY signal - EMA crossover with MACD confirmation
2025-04-09 20:51:52,496 - modules.strategies - INFO - SmallCap Strategy: BUY signal - EMA crossover with MACD confirmation
2025-04-09 20:51:52,574 - modules.strategies - INFO - SmallCap Strategy: SELL signal - EMA bearish crossover with MACD confirmation
2025-04-09 20:51:52,604 - modules.strategies - INFO - SmallCap Strategy: BUY signal - EMA crossover with MACD confirmation
2025-04-09 20:51:52,636 - modules.strategies - INFO - SmallCap Strategy: SELL signal - EMA bearish crossover with MACD confirmation
2025-04-09 20:51:52,668 - modules.strategies - INFO - SmallCap Strategy: BUY signal - EMA crossover with MACD confirmation
2025-04-09 20:51:52,708 - modules.strategies - INFO - SmallCap Strategy: SELL signal - EMA bearish crossover with MACD confirmation
2025-04-09 20:51:52,892 - modules.strategies - INFO - SmallCap Strategy: BUY signal - EMA crossover with MACD confirmation
2025-04-09 20:51:53,113 - modules.strategies - INFO - SmallCap Strategy: SELL signal - EMA bearish crossover with MACD confirmation
2025-04-09 20:51:53,227 - modules.strategies - INFO - SmallCap Strategy: SELL signal - EMA bearish crossover with MACD confirmation
2025-04-09 20:51:53,255 - modules.strategies - INFO - SmallCap Strategy: BUY signal - EMA crossover with MACD confirmation
2025-04-09 20:51:53,288 - modules.strategies - INFO - SmallCap Strategy: SELL signal - EMA bearish crossover with MACD confirmation
2025-04-09 20:51:53,375 - modules.strategies - INFO - SmallCap Strategy: BUY signal - EMA crossover with MACD confirmation
2025-04-09 20:51:53,610 - modules.strategies - INFO - SmallCap Strategy: SELL signal - EMA bearish crossover with MACD confirmation
2025-04-09 20:51:54,044 - modules.strategies - INFO - SmallCap Strategy: BUY signal - EMA crossover with MACD confirmation
2025-04-09 20:51:54,149 - modules.strategies - INFO - SmallCap Strategy: BUY signal - EMA crossover with MACD confirmation
2025-04-09 20:51:54,257 - modules.strategies - INFO - SmallCap Strategy: BUY signal - EMA crossover with MACD confirmation
2025-04-09 20:51:54,288 - modules.strategies - INFO - SmallCap Strategy: SELL signal - EMA bearish crossover with MACD confirmation
2025-04-09 20:51:54,324 - modules.strategies - INFO - SmallCap Strategy: BUY signal - EMA crossover with MACD confirmation
2025-04-09 20:51:54,409 - modules.strategies - INFO - SmallCap Strategy: SELL signal - EMA bearish crossover with MACD confirmation
2025-04-09 20:51:54,441 - modules.strategies - INFO - SmallCap Strategy: BUY signal - EMA crossover with MACD confirmation
2025-04-09 20:51:54,485 - modules.strategies - INFO - SmallCap Strategy: SELL signal - EMA bearish crossover with MACD confirmation
2025-04-09 20:51:54,518 - modules.strategies - INFO - SmallCap Strategy: BUY signal - EMA crossover with MACD confirmation
2025-04-09 20:51:54,761 - modules.strategies - INFO - SmallCap Strategy: SELL signal - EMA bearish crossover with MACD confirmation
2025-04-09 20:51:54,922 - modules.strategies - INFO - SmallCap Strategy: BUY signal - EMA crossover with MACD confirmation
2025-04-09 20:51:55,098 - modules.strategies - INFO - SmallCap Strategy: SELL signal - EMA bearish crossover with MACD confirmation
2025-04-09 20:51:55,217 - modules.strategies - INFO - SmallCap Strategy: BUY signal - EMA crossover with MACD confirmation
2025-04-09 20:51:56,091 - modules.backtest - INFO - Backtest results saved to /home/minhajul_islam/binancebot/backtest_results/XRPUSDT_SmallCap_20250409_205155
2025-04-09 20:52:36,185 - __main__ - INFO - Setting up trading bot...
2025-04-09 20:52:37,473 - modules.binance_client - INFO - Successfully connected to Binance Testnet API
2025-04-09 20:52:39,626 - modules.binance_client - INFO - Time synchronized with Binance server. Offset: -86ms
2025-04-09 20:52:39,627 - __main__ - INFO - Binance client initialized successfully
2025-04-09 20:52:39,627 - __main__ - INFO - Using trading strategy: RSI_EMA
2025-04-09 20:52:40,084 - modules.binance_client - INFO - Account is in Multi-Assets mode. Continuing with current margin setting.
2025-04-09 20:52:40,543 - modules.binance_client - INFO - Set leverage to 20x for XRPUSDT
2025-04-09 20:52:40,543 - modules.websocket_handler - INFO - Operating in TESTNET mode - using Binance Futures testnet
2025-04-09 20:52:40,544 - modules.websocket_handler - INFO - Added XRPUSDT to WebSocket tracking
2025-04-09 20:52:40,545 - modules.websocket_handler - INFO - Starting market data WebSocket connection (attempt 1)
2025-04-09 20:52:41,158 - modules.websocket_handler - INFO - Successfully obtained listen key for user data stream
2025-04-09 20:52:41,159 - modules.websocket_handler - INFO - Starting user data WebSocket connection (attempt 1)
2025-04-09 20:52:41,159 - __main__ - INFO - WebSocket connections started
2025-04-09 20:52:41,675 - __main__ - INFO - Initialized historical data with 192 candles
2025-04-09 20:52:41,685 - websocket - INFO - Websocket connected
2025-04-09 20:52:41,686 - modules.websocket_handler - INFO - Market data WebSocket connected
2025-04-09 20:52:41,997 - websocket - INFO - Websocket connected
2025-04-09 20:52:41,997 - modules.websocket_handler - INFO - User data WebSocket connected
2025-04-09 20:52:42,055 - __main__ - INFO - 💹 XRPUSDT | Bid: 1.82 (1990.3000) | Ask: 1.82 (12348.9000) | Spread: 0.00 (0.01%)
2025-04-09 20:52:42,066 - __main__ - INFO - 📊 XRPUSDT | Price: 1.82 | ▼ 0.62% | O: 1.83 H: 1.91 L: 1.82 | Vol: 6834366.90 | 20:59:59
2025-04-09 20:52:42,458 - __main__ - INFO - Starting balance: 9296.12523425 USDT
2025-04-09 20:52:43,940 - __main__ - INFO - Running test trade before starting live trading
2025-04-09 20:52:43,940 - __main__ - INFO - Performing test trade on XRPUSDT to verify trading functionality
2025-04-09 20:52:44,870 - __main__ - INFO - Balance before test trade: 9296.12523425 USDT
2025-04-09 20:52:45,508 - __main__ - INFO - Symbol info: precision=1, min_qty=0.1, min_notional=5.0
2025-04-09 20:52:45,508 - __main__ - INFO - Final test order: 76.5 XRPUSDT at ~1.8206 = 139.28 USDT
2025-04-09 20:52:45,509 - __main__ - INFO - Executing test BUY order: 76.5 XRPUSDT at ~1.8206
2025-04-09 20:52:45,657 - __main__ - INFO - Order Update: XRPUSDT BUY MARKET NEW - Qty: 0.0, Price: 0.0
2025-04-09 20:52:45,660 - __main__ - INFO - 📊 XRPUSDT | Price: 1.82 | ▼ 0.62% | O: 1.83 H: 1.91 L: 1.82 | Vol: 6834752.60 | 20:59:59
2025-04-09 20:52:45,661 - __main__ - INFO - Account update received: 1 balances, 1 positions
2025-04-09 20:52:45,663 - __main__ - INFO - Balance updated: 9296.06952083 USDT
2025-04-09 20:52:45,674 - modules.binance_client - INFO - Placed BUY market order for 76.5 XRPUSDT
2025-04-09 20:52:45,674 - __main__ - INFO - Test BUY order successful: 294585852
2025-04-09 20:52:46,073 - __main__ - INFO - Position update for XRPUSDT: 76.5 @ 1.8207, PnL: 0.0
2025-04-09 20:52:46,074 - __main__ - INFO - 🟢🟢🟢 EXECUTED BUY ORDER: 76.5 XRPUSDT @ 1.8207 🟢🟢🟢
2025-04-09 20:52:46,495 - __main__ - INFO - 💰 ACCOUNT BALANCE: 9296.07 USDT 💰
2025-04-09 20:52:46,678 - __main__ - INFO - 📊 XRPUSDT | Price: 1.82 | ▼ 0.62% | O: 1.83 H: 1.91 L: 1.82 | Vol: 6834977.70 | 20:59:59
2025-04-09 20:52:49,132 - __main__ - INFO - Test position opened: 76.5 XRPUSDT @ 1.8207
2025-04-09 20:52:49,133 - __main__ - INFO - Executing test SELL order to close position: 76.5 XRPUSDT
2025-04-09 20:52:49,283 - __main__ - INFO - Order Update: XRPUSDT SELL MARKET NEW - Qty: 0.0, Price: 0.0
2025-04-09 20:52:49,284 - __main__ - INFO - Account update received: 1 balances, 1 positions
2025-04-09 20:52:49,284 - __main__ - INFO - Balance updated: 9296.00616048 USDT
2025-04-09 20:52:49,290 - modules.binance_client - INFO - Placed SELL market order for 76.5 XRPUSDT
2025-04-09 20:52:49,291 - __main__ - INFO - Test SELL order successful: 294586164
2025-04-09 20:52:49,638 - __main__ - INFO - 📊 XRPUSDT | Price: 1.82 | ▼ 0.62% | O: 1.83 H: 1.91 L: 1.82 | Vol: 6835054.20 | 20:59:59
2025-04-09 20:52:50,074 - __main__ - INFO - 💰 Large SELL Trade | XRPUSDT | Price: 1.82 | Qty: 6844.7000 | Value: $12462.15 | 20:52:49
2025-04-09 20:52:50,075 - __main__ - INFO - 📊 XRPUSDT | Price: 1.82 | ▼ 0.62% | O: 1.83 H: 1.91 L: 1.82 | Vol: 6835820.10 | 20:59:59
2025-04-09 20:52:51,143 - __main__ - INFO - Position update for XRPUSDT: 0.0 @ 0.0, PnL: 0.0
2025-04-09 20:52:51,145 - __main__ - INFO - 🔴🔴🔴 EXECUTED SELL ORDER: 76.5 XRPUSDT @ 1.8206 🔴🔴🔴
2025-04-09 20:52:51,146 - __main__ - INFO - 💸💸💸 LOSS: -0.01 USDT 💸💸💸
2025-04-09 20:52:51,576 - __main__ - INFO - 💰 ACCOUNT BALANCE: 9296.01 USDT 💰
2025-04-09 20:52:52,481 - __main__ - INFO - Balance after test trade: 9296.00616048 USDT (Change: -0.11907376999988628 USDT)
2025-04-09 20:52:52,482 - __main__ - INFO - Test trade completed successfully
2025-04-09 20:52:52,635 - __main__ - INFO - 📊 XRPUSDT | Price: 1.82 | ▼ 0.62% | O: 1.83 H: 1.91 L: 1.82 | Vol: 6842682.30 | 20:59:59
2025-04-09 20:52:53,402 - __main__ - INFO - No previous state found or file is empty
2025-04-09 20:52:53,403 - __main__ - INFO - Initializing state file with current settings
2025-04-09 20:52:53,702 - __main__ - INFO - 📊 XRPUSDT | Price: 1.82 | ▼ 0.62% | O: 1.83 H: 1.91 L: 1.82 | Vol: 6842685.20 | 20:59:59
2025-04-09 20:52:53,846 - __main__ - INFO - Got balance from API: 9296.00616048 USDT
2025-04-09 20:52:53,848 - __main__ - INFO - State file initialized with balance: 9296.00616048 USDT
2025-04-09 20:52:53,848 - __main__ - INFO - Starting trading bot with WebSocket for real-time data
2025-04-09 20:52:53,848 - __main__ - INFO - Trading pair: XRPUSDT
2025-04-09 20:52:53,849 - __main__ - INFO - Strategy: RSI_EMA
2025-04-09 20:52:53,849 - __main__ - INFO - Daily reports: Enabled
2025-04-09 20:52:53,849 - __main__ - INFO - Status reports: Every 2 hours
2025-04-09 20:52:53,849 - __main__ - INFO - Press Ctrl+C to stop the bot
2025-04-09 20:52:54,060 - __main__ - INFO - 📊 XRPUSDT | Price: 1.82 | ▼ 0.62% | O: 1.83 H: 1.91 L: 1.82 | Vol: 6843779.90 | 20:59:59
2025-04-09 20:52:54,195 - __main__ - INFO - 💰 Large BUY Trade | XRPUSDT | Price: 1.82 | Qty: 16353.9000 | Value: $29769.00 | 20:52:54
2025-04-09 20:52:55,646 - __main__ - INFO - 📊 XRPUSDT | Price: 1.82 | ▼ 0.64% | O: 1.83 H: 1.91 L: 1.82 | Vol: 6897014.90 | 20:59:59
2025-04-09 20:52:56,620 - __main__ - INFO - 📊 XRPUSDT | Price: 1.82 | ▼ 0.64% | O: 1.83 H: 1.91 L: 1.82 | Vol: 6899971.80 | 20:59:59
2025-04-09 20:52:57,437 - __main__ - INFO - 📊 XRPUSDT | Price: 1.82 | ▼ 0.64% | O: 1.83 H: 1.91 L: 1.82 | Vol: 6900147.30 | 20:59:59
2025-04-09 20:52:58,464 - __main__ - INFO - 📊 XRPUSDT | Price: 1.82 | ▼ 0.64% | O: 1.83 H: 1.91 L: 1.82 | Vol: 6905857.10 | 20:59:59
2025-04-09 20:52:59,589 - __main__ - INFO - 💰 Large BUY Trade | XRPUSDT | Price: 1.82 | Qty: 7428.5000 | Value: $13522.10 | 20:52:59
2025-04-09 20:52:59,593 - __main__ - INFO - 📊 XRPUSDT | Price: 1.82 | ▼ 0.64% | O: 1.83 H: 1.91 L: 1.82 | Vol: 6906030.00 | 20:59:59
2025-04-09 20:53:01,125 - __main__ - INFO - 📊 XRPUSDT | Price: 1.82 | ▼ 0.64% | O: 1.83 H: 1.91 L: 1.82 | Vol: 6916259.20 | 20:59:59
2025-04-09 20:53:02,152 - __main__ - INFO - 📊 XRPUSDT | Price: 1.82 | ▼ 0.63% | O: 1.83 H: 1.91 L: 1.82 | Vol: 6916264.80 | 20:59:59
2025-04-09 20:53:02,304 - __main__ - INFO - 📊 XRPUSDT | Price: 1.82 | ▼ 0.66% | O: 1.83 H: 1.91 L: 1.82 | Vol: 6934622.20 | 20:59:59
2025-04-09 20:53:02,967 - __main__ - INFO - 💰 Large BUY Trade | XRPUSDT | Price: 1.82 | Qty: 5675.2000 | Value: $10328.86 | 20:53:02
2025-04-09 20:53:02,972 - __main__ - INFO - 📊 XRPUSDT | Price: 1.82 | ▼ 0.66% | O: 1.83 H: 1.91 L: 1.82 | Vol: 6940581.40 | 20:59:59
2025-04-09 20:53:04,303 - __main__ - INFO - 📊 XRPUSDT | Price: 1.82 | ▼ 0.65% | O: 1.83 H: 1.91 L: 1.82 | Vol: 6952065.00 | 20:59:59
2025-04-09 20:53:04,913 - __main__ - INFO - 💰 Large SELL Trade | XRPUSDT | Price: 1.82 | Qty: 6965.5000 | Value: $12679.30 | 20:53:04
2025-04-09 20:53:04,920 - __main__ - INFO - 💰 Large SELL Trade | XRPUSDT | Price: 1.82 | Qty: 8218.7000 | Value: $14962.14 | 20:53:04
2025-04-09 20:53:05,110 - __main__ - INFO - 📊 XRPUSDT | Price: 1.82 | ▼ 0.64% | O: 1.83 H: 1.91 L: 1.82 | Vol: 6968435.80 | 20:59:59
2025-04-09 20:53:05,940 - __main__ - INFO - 📊 XRPUSDT | Price: 1.82 | ▼ 0.62% | O: 1.83 H: 1.91 L: 1.82 | Vol: 6993553.40 | 20:59:59
2025-04-09 20:53:07,207 - __main__ - INFO - 📊 XRPUSDT | Price: 1.82 | ▼ 0.62% | O: 1.83 H: 1.91 L: 1.82 | Vol: 6997993.70 | 20:59:59
2025-04-09 20:53:07,780 - __main__ - INFO - 📊 XRPUSDT | Price: 1.82 | ▼ 0.62% | O: 1.83 H: 1.91 L: 1.82 | Vol: 7011288.50 | 20:59:59
2025-04-09 20:53:09,327 - __main__ - INFO - 📊 XRPUSDT | Price: 1.82 | ▼ 0.62% | O: 1.83 H: 1.91 L: 1.82 | Vol: 7012674.30 | 20:59:59
2025-04-09 20:53:10,287 - __main__ - INFO - 📊 XRPUSDT | Price: 1.82 | ▼ 0.62% | O: 1.83 H: 1.91 L: 1.82 | Vol: 7012678.60 | 20:59:59
2025-04-09 20:53:11,925 - __main__ - INFO - 📊 XRPUSDT | Price: 1.82 | ▼ 0.62% | O: 1.83 H: 1.91 L: 1.82 | Vol: 7013009.00 | 20:59:59
2025-04-09 20:53:15,377 - __main__ - INFO - 📊 XRPUSDT | Price: 1.82 | ▼ 0.62% | O: 1.83 H: 1.91 L: 1.82 | Vol: 7013116.10 | 20:59:59
2025-04-09 20:53:15,769 - __main__ - INFO - 📊 XRPUSDT | Price: 1.82 | ▼ 0.62% | O: 1.83 H: 1.91 L: 1.82 | Vol: 7022567.00 | 20:59:59
2025-04-09 20:53:16,186 - __main__ - INFO - 📊 XRPUSDT | Price: 1.82 | ▼ 0.61% | O: 1.83 H: 1.91 L: 1.82 | Vol: 7024518.90 | 20:59:59
2025-04-09 20:53:16,792 - __main__ - INFO - 📊 XRPUSDT | Price: 1.82 | ▼ 0.60% | O: 1.83 H: 1.91 L: 1.82 | Vol: 7041819.20 | 20:59:59
2025-04-09 20:53:17,514 - __main__ - INFO - 💰 Large SELL Trade | XRPUSDT | Price: 1.82 | Qty: 5792.6000 | Value: $10548.32 | 20:53:17
2025-04-09 20:53:17,713 - __main__ - INFO - 📊 XRPUSDT | Price: 1.82 | ▼ 0.60% | O: 1.83 H: 1.91 L: 1.82 | Vol: 7045890.80 | 20:59:59
2025-04-09 20:53:18,519 - __main__ - INFO - 💰 Large SELL Trade | XRPUSDT | Price: 1.82 | Qty: 6605.2000 | Value: $12030.71 | 20:53:18
2025-04-09 20:53:18,525 - __main__ - INFO - 📊 XRPUSDT | Price: 1.82 | ▼ 0.59% | O: 1.83 H: 1.91 L: 1.82 | Vol: 7071908.00 | 20:59:59
2025-04-09 20:53:18,824 - __main__ - INFO - 📊 XRPUSDT | Price: 1.82 | ▼ 0.58% | O: 1.83 H: 1.91 L: 1.82 | Vol: 7096339.30 | 20:59:59
2025-04-09 20:53:19,631 - __main__ - INFO - 📊 XRPUSDT | Price: 1.82 | ▼ 0.58% | O: 1.83 H: 1.91 L: 1.82 | Vol: 7097888.30 | 20:59:59
2025-04-09 20:53:21,221 - __main__ - INFO - 📊 XRPUSDT | Price: 1.82 | ▼ 0.58% | O: 1.83 H: 1.91 L: 1.82 | Vol: 7097917.60 | 20:59:59
2025-04-09 20:53:24,085 - __main__ - INFO - 💰 Large SELL Trade | XRPUSDT | Price: 1.82 | Qty: 11537.6000 | Value: $21016.89 | 20:53:23
2025-04-09 20:53:24,088 - __main__ - INFO - 📊 XRPUSDT | Price: 1.82 | ▼ 0.58% | O: 1.83 H: 1.91 L: 1.82 | Vol: 7099397.70 | 20:59:59
2025-04-09 20:53:24,987 - __main__ - INFO - 📊 XRPUSDT | Price: 1.82 | ▼ 0.57% | O: 1.83 H: 1.91 L: 1.82 | Vol: 7142781.10 | 20:59:59
2025-04-09 20:53:26,327 - __main__ - INFO - 📊 XRPUSDT | Price: 1.82 | ▼ 0.57% | O: 1.83 H: 1.91 L: 1.82 | Vol: 7160251.90 | 20:59:59
2025-04-09 20:53:27,671 - __main__ - INFO - 📊 XRPUSDT | Price: 1.82 | ▼ 0.56% | O: 1.83 H: 1.91 L: 1.82 | Vol: 7170679.00 | 20:59:59
2025-04-09 20:53:27,677 - __main__ - INFO - 💰 Large SELL Trade | XRPUSDT | Price: 1.82 | Qty: 5684.6000 | Value: $10356.77 | 20:53:27
2025-04-09 20:53:27,681 - __main__ - INFO - 💰 Large SELL Trade | XRPUSDT | Price: 1.82 | Qty: 6842.0000 | Value: $12465.44 | 20:53:27
2025-04-09 20:53:27,775 - __main__ - INFO - 💰 Large SELL Trade | XRPUSDT | Price: 1.82 | Qty: 11369.2000 | Value: $20715.82 | 20:53:27
2025-04-09 20:53:28,308 - __main__ - INFO - 📊 XRPUSDT | Price: 1.82 | ▼ 0.53% | O: 1.83 H: 1.91 L: 1.82 | Vol: 7253536.30 | 20:59:59
2025-04-09 20:53:28,969 - __main__ - INFO - 📊 XRPUSDT | Price: 1.82 | ▼ 0.53% | O: 1.83 H: 1.91 L: 1.82 | Vol: 7254215.00 | 20:59:59
2025-04-09 20:53:29,437 - __main__ - INFO - 📊 XRPUSDT | Price: 1.82 | ▼ 0.52% | O: 1.83 H: 1.91 L: 1.82 | Vol: 7306115.30 | 20:59:59
2025-04-09 20:53:30,397 - __main__ - INFO - 📊 XRPUSDT | Price: 1.82 | ▼ 0.52% | O: 1.83 H: 1.91 L: 1.82 | Vol: 7306362.80 | 20:59:59
2025-04-09 20:53:30,535 - __main__ - INFO - 📊 XRPUSDT | Price: 1.82 | ▼ 0.52% | O: 1.83 H: 1.91 L: 1.82 | Vol: 7307194.50 | 20:59:59
2025-04-09 20:53:31,271 - __main__ - INFO - 📊 XRPUSDT | Price: 1.82 | ▼ 0.52% | O: 1.83 H: 1.91 L: 1.82 | Vol: 7307303.30 | 20:59:59
2025-04-09 20:53:31,670 - __main__ - INFO - 📊 XRPUSDT | Price: 1.82 | ▼ 0.52% | O: 1.83 H: 1.91 L: 1.82 | Vol: 7307304.90 | 20:59:59
2025-04-09 20:53:32,848 - __main__ - INFO - 📊 XRPUSDT | Price: 1.82 | ▼ 0.52% | O: 1.83 H: 1.91 L: 1.82 | Vol: 7310096.90 | 20:59:59
2025-04-09 20:53:40,242 - __main__ - INFO - 📊 XRPUSDT | Price: 1.82 | ▼ 0.52% | O: 1.83 H: 1.91 L: 1.82 | Vol: 7315931.10 | 20:59:59
2025-04-09 20:53:43,112 - __main__ - INFO - 📊 XRPUSDT | Price: 1.82 | ▼ 0.52% | O: 1.83 H: 1.91 L: 1.82 | Vol: 7315936.80 | 20:59:59
2025-04-09 20:53:43,376 - __main__ - INFO - 📊 XRPUSDT | Price: 1.82 | ▼ 0.52% | O: 1.83 H: 1.91 L: 1.82 | Vol: 7318661.70 | 20:59:59
2025-04-09 20:53:43,931 - __main__ - INFO - 📊 XRPUSDT | Price: 1.82 | ▼ 0.52% | O: 1.83 H: 1.91 L: 1.82 | Vol: 7318751.80 | 20:59:59
2025-04-09 20:53:45,879 - __main__ - INFO - 📊 XRPUSDT | Price: 1.82 | ▼ 0.52% | O: 1.83 H: 1.91 L: 1.82 | Vol: 7322309.40 | 20:59:59
2025-04-09 20:53:46,385 - __main__ - INFO - 📊 XRPUSDT | Price: 1.82 | ▼ 0.52% | O: 1.83 H: 1.91 L: 1.82 | Vol: 7341338.40 | 20:59:59
2025-04-09 20:53:48,185 - __main__ - INFO - 📊 XRPUSDT | Price: 1.82 | ▼ 0.53% | O: 1.83 H: 1.91 L: 1.82 | Vol: 7344062.90 | 20:59:59
2025-04-09 20:53:48,910 - __main__ - INFO - 📊 XRPUSDT | Price: 1.82 | ▼ 0.53% | O: 1.83 H: 1.91 L: 1.82 | Vol: 7344090.10 | 20:59:59
2025-04-09 20:53:49,256 - __main__ - INFO - 📊 XRPUSDT | Price: 1.82 | ▼ 0.53% | O: 1.83 H: 1.91 L: 1.82 | Vol: 7353663.70 | 20:59:59
2025-04-09 20:53:49,763 - __main__ - INFO - 📊 XRPUSDT | Price: 1.82 | ▼ 0.54% | O: 1.83 H: 1.91 L: 1.82 | Vol: 7357352.50 | 20:59:59
2025-04-09 20:53:49,868 - __main__ - INFO - 📊 XRPUSDT | Price: 1.82 | ▼ 0.53% | O: 1.83 H: 1.91 L: 1.82 | Vol: 7369851.70 | 20:59:59
2025-04-09 20:53:52,156 - __main__ - INFO - 📊 XRPUSDT | Price: 1.82 | ▼ 0.54% | O: 1.83 H: 1.91 L: 1.82 | Vol: 7370127.80 | 20:59:59
2025-04-09 20:53:53,830 - __main__ - INFO - 💰 Large BUY Trade | XRPUSDT | Price: 1.82 | Qty: 7601.4000 | Value: $13848.23 | 20:53:53
2025-04-09 20:53:54,405 - __main__ - INFO - 📊 XRPUSDT | Price: 1.82 | ▼ 0.55% | O: 1.83 H: 1.91 L: 1.82 | Vol: 7370391.80 | 20:59:59
2025-04-09 20:53:54,407 - __main__ - INFO - 📊 XRPUSDT | Price: 1.82 | ▼ 0.56% | O: 1.83 H: 1.91 L: 1.82 | Vol: 7420899.90 | 20:59:59
2025-04-09 20:53:54,988 - __main__ - INFO - 📊 XRPUSDT | Price: 1.82 | ▼ 0.56% | O: 1.83 H: 1.91 L: 1.82 | Vol: 7421311.30 | 20:59:59
2025-04-09 20:53:55,705 - __main__ - INFO - 📊 XRPUSDT | Price: 1.82 | ▼ 0.56% | O: 1.83 H: 1.91 L: 1.82 | Vol: 7421495.00 | 20:59:59
2025-04-09 20:54:00,105 - __main__ - INFO - 📊 XRPUSDT | Price: 1.82 | ▼ 0.56% | O: 1.83 H: 1.91 L: 1.82 | Vol: 7422330.40 | 20:59:59
2025-04-09 20:54:01,334 - __main__ - INFO - 📊 XRPUSDT | Price: 1.82 | ▼ 0.56% | O: 1.83 H: 1.91 L: 1.82 | Vol: 7422392.20 | 20:59:59
2025-04-09 20:54:02,564 - __main__ - INFO - 📊 XRPUSDT | Price: 1.82 | ▼ 0.56% | O: 1.83 H: 1.91 L: 1.82 | Vol: 7425766.10 | 20:59:59
2025-04-09 20:54:03,077 - __main__ - INFO - 📊 XRPUSDT | Price: 1.82 | ▼ 0.56% | O: 1.83 H: 1.91 L: 1.82 | Vol: 7425778.00 | 20:59:59
2025-04-09 20:54:03,897 - __main__ - INFO - 💰 Large BUY Trade | XRPUSDT | Price: 1.82 | Qty: 5792.6000 | Value: $10551.22 | 20:54:03
2025-04-09 20:54:03,905 - __main__ - INFO - 📊 XRPUSDT | Price: 1.82 | ▼ 0.56% | O: 1.83 H: 1.91 L: 1.82 | Vol: 7426983.00 | 20:59:59
2025-04-09 20:54:04,723 - __main__ - INFO - 📊 XRPUSDT | Price: 1.82 | ▼ 0.59% | O: 1.83 H: 1.91 L: 1.82 | Vol: 7463928.50 | 20:59:59
2025-04-09 20:54:06,674 - __main__ - INFO - 📊 XRPUSDT | Price: 1.82 | ▼ 0.59% | O: 1.83 H: 1.91 L: 1.82 | Vol: 7464065.70 | 20:59:59
2025-04-09 20:54:07,376 - __main__ - INFO - 💰 Large BUY Trade | XRPUSDT | Price: 1.82 | Qty: 5792.6000 | Value: $10548.32 | 20:54:06
2025-04-09 20:54:07,785 - __main__ - INFO - 📊 XRPUSDT | Price: 1.82 | ▼ 0.60% | O: 1.83 H: 1.91 L: 1.82 | Vol: 7531888.70 | 20:59:59
2025-04-09 20:54:08,520 - __main__ - INFO - 📊 XRPUSDT | Price: 1.82 | ▼ 0.60% | O: 1.83 H: 1.91 L: 1.82 | Vol: 7532141.70 | 20:59:59
2025-04-09 20:54:10,655 - __main__ - INFO - 📊 XRPUSDT | Price: 1.82 | ▼ 0.60% | O: 1.83 H: 1.91 L: 1.82 | Vol: 7532807.10 | 20:59:59
2025-04-09 20:54:11,835 - __main__ - INFO - 📊 XRPUSDT | Price: 1.82 | ▼ 0.59% | O: 1.83 H: 1.91 L: 1.82 | Vol: 7534282.70 | 20:59:59
2025-04-09 20:54:13,931 - __main__ - INFO - 📊 XRPUSDT | Price: 1.82 | ▼ 0.60% | O: 1.83 H: 1.91 L: 1.82 | Vol: 7535359.00 | 20:59:59
2025-04-09 20:54:15,466 - __main__ - INFO - 📊 XRPUSDT | Price: 1.82 | ▼ 0.59% | O: 1.83 H: 1.91 L: 1.82 | Vol: 7536280.00 | 20:59:59
2025-04-09 20:54:16,902 - __main__ - INFO - 📊 XRPUSDT | Price: 1.82 | ▼ 0.60% | O: 1.83 H: 1.91 L: 1.82 | Vol: 7536680.00 | 20:59:59
2025-04-09 20:54:17,618 - __main__ - INFO - 📊 XRPUSDT | Price: 1.82 | ▼ 0.60% | O: 1.83 H: 1.91 L: 1.82 | Vol: 7538211.70 | 20:59:59
2025-04-09 20:54:18,548 - __main__ - INFO - 📊 XRPUSDT | Price: 1.82 | ▼ 0.60% | O: 1.83 H: 1.91 L: 1.82 | Vol: 7538214.70 | 20:59:59
2025-04-09 20:54:20,996 - __main__ - INFO - 📊 XRPUSDT | Price: 1.82 | ▼ 0.60% | O: 1.83 H: 1.91 L: 1.82 | Vol: 7538217.20 | 20:59:59
2025-04-09 20:54:21,123 - __main__ - INFO - 📊 XRPUSDT | Price: 1.82 | ▼ 0.62% | O: 1.83 H: 1.91 L: 1.82 | Vol: 7559771.10 | 20:59:59
2025-04-09 20:54:22,183 - __main__ - INFO - 📊 XRPUSDT | Price: 1.82 | ▼ 0.62% | O: 1.83 H: 1.91 L: 1.82 | Vol: 7561166.60 | 20:59:59
2025-04-09 20:54:24,583 - __main__ - INFO - 📊 XRPUSDT | Price: 1.82 | ▼ 0.66% | O: 1.83 H: 1.91 L: 1.82 | Vol: 7568057.40 | 20:59:59
2025-04-09 20:54:25,708 - __main__ - INFO - 📊 XRPUSDT | Price: 1.82 | ▼ 0.66% | O: 1.83 H: 1.91 L: 1.82 | Vol: 7573888.30 | 20:59:59
2025-04-09 20:54:28,164 - __main__ - INFO - 📊 XRPUSDT | Price: 1.82 | ▼ 0.66% | O: 1.83 H: 1.91 L: 1.82 | Vol: 7577108.80 | 20:59:59
2025-04-09 20:54:29,292 - __main__ - INFO - 📊 XRPUSDT | Price: 1.82 | ▼ 0.65% | O: 1.83 H: 1.91 L: 1.82 | Vol: 7579682.20 | 20:59:59
2025-04-09 20:54:30,109 - __main__ - INFO - 📊 XRPUSDT | Price: 1.82 | ▼ 0.66% | O: 1.83 H: 1.91 L: 1.82 | Vol: 7581107.10 | 20:59:59
2025-04-09 20:54:31,646 - __main__ - INFO - 📊 XRPUSDT | Price: 1.82 | ▼ 0.66% | O: 1.83 H: 1.91 L: 1.82 | Vol: 7581641.10 | 20:59:59
2025-04-09 20:54:32,271 - __main__ - INFO - 📊 XRPUSDT | Price: 1.82 | ▼ 0.66% | O: 1.83 H: 1.91 L: 1.82 | Vol: 7581864.80 | 20:59:59
2025-04-09 20:54:33,708 - __main__ - INFO - 📊 XRPUSDT | Price: 1.82 | ▼ 0.66% | O: 1.83 H: 1.91 L: 1.82 | Vol: 7581978.90 | 20:59:59
2025-04-09 20:54:33,901 - __main__ - INFO - 📊 XRPUSDT | Price: 1.82 | ▼ 0.64% | O: 1.83 H: 1.91 L: 1.82 | Vol: 7637378.80 | 20:59:59
2025-04-09 20:54:34,309 - __main__ - INFO - 📊 XRPUSDT | Price: 1.82 | ▼ 0.65% | O: 1.83 H: 1.91 L: 1.82 | Vol: 7637653.40 | 20:59:59
2025-04-09 20:54:35,951 - __main__ - INFO - 📊 XRPUSDT | Price: 1.82 | ▼ 0.65% | O: 1.83 H: 1.91 L: 1.82 | Vol: 7640966.60 | 20:59:59
2025-04-09 20:54:38,404 - __main__ - INFO - 📊 XRPUSDT | Price: 1.82 | ▼ 0.65% | O: 1.83 H: 1.91 L: 1.82 | Vol: 7641040.60 | 20:59:59
2025-04-09 20:54:39,223 - __main__ - INFO - 📊 XRPUSDT | Price: 1.82 | ▼ 0.64% | O: 1.83 H: 1.91 L: 1.82 | Vol: 7646383.20 | 20:59:59
2025-04-09 20:54:39,738 - __main__ - INFO - 📊 XRPUSDT | Price: 1.82 | ▼ 0.65% | O: 1.83 H: 1.91 L: 1.82 | Vol: 7652474.20 | 20:59:59
2025-04-09 20:54:40,347 - __main__ - INFO - 📊 XRPUSDT | Price: 1.82 | ▼ 0.64% | O: 1.83 H: 1.91 L: 1.82 | Vol: 7652656.50 | 20:59:59
2025-04-09 20:54:43,522 - __main__ - INFO - 📊 XRPUSDT | Price: 1.82 | ▼ 0.64% | O: 1.83 H: 1.91 L: 1.82 | Vol: 7652897.10 | 20:59:59
2025-04-09 20:54:47,620 - __main__ - INFO - 📊 XRPUSDT | Price: 1.82 | ▼ 0.64% | O: 1.83 H: 1.91 L: 1.82 | Vol: 7654672.50 | 20:59:59
2025-04-09 20:54:48,137 - __main__ - INFO - 📊 XRPUSDT | Price: 1.82 | ▼ 0.64% | O: 1.83 H: 1.91 L: 1.82 | Vol: 7655103.80 | 20:59:59
2025-04-09 20:54:50,180 - __main__ - INFO - 📊 XRPUSDT | Price: 1.82 | ▼ 0.64% | O: 1.83 H: 1.91 L: 1.82 | Vol: 7655542.90 | 20:59:59
2025-04-09 20:54:50,793 - __main__ - INFO - 📊 XRPUSDT | Price: 1.82 | ▼ 0.64% | O: 1.83 H: 1.91 L: 1.82 | Vol: 7655545.70 | 20:59:59
2025-04-09 20:54:50,999 - __main__ - INFO - 📊 XRPUSDT | Price: 1.82 | ▼ 0.64% | O: 1.83 H: 1.91 L: 1.82 | Vol: 7658071.30 | 20:59:59
2025-04-09 20:54:51,858 - __main__ - INFO - 📊 XRPUSDT | Price: 1.82 | ▼ 0.64% | O: 1.83 H: 1.91 L: 1.82 | Vol: 7658139.20 | 20:59:59
2025-04-09 20:54:52,263 - __main__ - INFO - 📊 XRPUSDT | Price: 1.82 | ▼ 0.64% | O: 1.83 H: 1.91 L: 1.82 | Vol: 7659235.30 | 20:59:59
2025-04-09 20:54:52,384 - __main__ - INFO - 💰 Large SELL Trade | XRPUSDT | Price: 1.82 | Qty: 15189.9000 | Value: $27650.17 | 20:54:52
2025-04-09 20:54:52,611 - __main__ - INFO - 📊 XRPUSDT | Price: 1.82 | ▼ 0.63% | O: 1.83 H: 1.91 L: 1.82 | Vol: 7686594.30 | 20:59:59
2025-04-09 20:54:54,278 - __main__ - INFO - 📊 XRPUSDT | Price: 1.82 | ▼ 0.62% | O: 1.83 H: 1.91 L: 1.82 | Vol: 7693162.40 | 20:59:59
2025-04-09 20:54:54,401 - __main__ - INFO - 💰 Large SELL Trade | XRPUSDT | Price: 1.82 | Qty: 7328.1000 | Value: $13344.47 | 20:54:54
2025-04-09 20:54:54,582 - __main__ - INFO - 📊 XRPUSDT | Price: 1.82 | ▼ 0.60% | O: 1.83 H: 1.91 L: 1.82 | Vol: 7712164.50 | 20:59:59
2025-04-09 20:54:55,300 - __main__ - INFO - 📊 XRPUSDT | Price: 1.82 | ▼ 0.60% | O: 1.83 H: 1.91 L: 1.82 | Vol: 7712167.50 | 20:59:59
2025-04-09 20:54:56,322 - __main__ - INFO - 📊 XRPUSDT | Price: 1.82 | ▼ 0.60% | O: 1.83 H: 1.91 L: 1.82 | Vol: 7712192.30 | 20:59:59
2025-04-09 20:54:57,556 - __main__ - INFO - 📊 XRPUSDT | Price: 1.82 | ▼ 0.60% | O: 1.83 H: 1.91 L: 1.82 | Vol: 7712193.70 | 20:59:59
2025-04-09 20:54:58,272 - __main__ - INFO - 📊 XRPUSDT | Price: 1.82 | ▼ 0.60% | O: 1.83 H: 1.91 L: 1.82 | Vol: 7712482.40 | 20:59:59
2025-04-09 20:55:00,725 - __main__ - INFO - 💰 Large SELL Trade | XRPUSDT | Price: 1.82 | Qty: 13329.0000 | Value: $24273.44 | 20:55:00
2025-04-09 20:55:00,846 - __main__ - INFO - 📊 XRPUSDT | Price: 1.82 | ▼ 0.59% | O: 1.83 H: 1.91 L: 1.82 | Vol: 7736696.90 | 20:59:59
2025-04-09 20:55:01,651 - __main__ - INFO - 📊 XRPUSDT | Price: 1.82 | ▼ 0.58% | O: 1.83 H: 1.91 L: 1.82 | Vol: 7752227.20 | 20:59:59
2025-04-09 20:55:01,946 - __main__ - INFO - 💰 Large SELL Trade | XRPUSDT | Price: 1.82 | Qty: 5792.6000 | Value: $10552.96 | 20:55:01
2025-04-09 20:55:01,950 - __main__ - INFO - 📊 XRPUSDT | Price: 1.82 | ▼ 0.58% | O: 1.83 H: 1.91 L: 1.82 | Vol: 7754185.50 | 20:59:59
2025-04-09 20:55:02,261 - __main__ - INFO - 📊 XRPUSDT | Price: 1.82 | ▼ 0.57% | O: 1.83 H: 1.91 L: 1.82 | Vol: 7768592.60 | 20:59:59
2025-04-09 20:55:03,599 - __main__ - INFO - 📊 XRPUSDT | Price: 1.82 | ▼ 0.55% | O: 1.83 H: 1.91 L: 1.82 | Vol: 7768683.90 | 20:59:59
2025-04-09 20:55:04,516 - __main__ - INFO - 📊 XRPUSDT | Price: 1.82 | ▼ 0.55% | O: 1.83 H: 1.91 L: 1.82 | Vol: 7785052.20 | 20:59:59
2025-04-09 20:55:05,543 - __main__ - INFO - 📊 XRPUSDT | Price: 1.82 | ▼ 0.55% | O: 1.83 H: 1.91 L: 1.82 | Vol: 7785395.10 | 20:59:59
2025-04-09 20:55:05,546 - __main__ - INFO - 📊 XRPUSDT | Price: 1.82 | ▼ 0.55% | O: 1.83 H: 1.91 L: 1.82 | Vol: 7785583.50 | 20:59:59
2025-04-09 20:55:06,410 - __main__ - INFO - 📊 XRPUSDT | Price: 1.82 | ▼ 0.55% | O: 1.83 H: 1.91 L: 1.82 | Vol: 7787470.20 | 20:59:59
2025-04-09 20:55:07,301 - __main__ - INFO - 💰 Large SELL Trade | XRPUSDT | Price: 1.82 | Qty: 5792.6000 | Value: $10555.28 | 20:55:05
2025-04-09 20:55:07,497 - __main__ - INFO - 📊 XRPUSDT | Price: 1.82 | ▼ 0.53% | O: 1.83 H: 1.91 L: 1.82 | Vol: 7842037.30 | 20:59:59
2025-04-09 20:55:08,695 - __main__ - INFO - 💰 Large SELL Trade | XRPUSDT | Price: 1.82 | Qty: 6745.7000 | Value: $12293.36 | 20:55:08
2025-04-09 20:55:08,825 - __main__ - INFO - 📊 XRPUSDT | Price: 1.82 | ▼ 0.53% | O: 1.83 H: 1.91 L: 1.82 | Vol: 7844503.30 | 20:59:59
2025-04-09 20:55:09,274 - __main__ - INFO - 📊 XRPUSDT | Price: 1.82 | ▼ 0.52% | O: 1.83 H: 1.91 L: 1.82 | Vol: 7864874.50 | 20:59:59
2025-04-09 20:55:09,534 - __main__ - INFO - 💰 Large SELL Trade | XRPUSDT | Price: 1.82 | Qty: 5882.0000 | Value: $10720.53 | 20:55:09
2025-04-09 20:55:09,777 - __main__ - INFO - 📊 XRPUSDT | Price: 1.82 | ▼ 0.51% | O: 1.83 H: 1.91 L: 1.82 | Vol: 7894011.10 | 20:59:59
2025-04-09 20:55:12,722 - __main__ - INFO - 📊 XRPUSDT | Price: 1.82 | ▼ 0.52% | O: 1.83 H: 1.91 L: 1.82 | Vol: 7894019.50 | 20:59:59
2025-04-09 20:55:12,808 - __main__ - INFO - 📊 XRPUSDT | Price: 1.82 | ▼ 0.51% | O: 1.83 H: 1.91 L: 1.82 | Vol: 7894892.30 | 20:59:59
2025-04-09 20:55:13,527 - __main__ - INFO - 📊 XRPUSDT | Price: 1.82 | ▼ 0.51% | O: 1.83 H: 1.91 L: 1.82 | Vol: 7895681.10 | 20:59:59
2025-04-09 20:55:13,644 - __main__ - INFO - 📊 XRPUSDT | Price: 1.82 | ▼ 0.52% | O: 1.83 H: 1.91 L: 1.82 | Vol: 7895787.20 | 20:59:59
2025-04-09 20:55:14,346 - __main__ - INFO - 📊 XRPUSDT | Price: 1.82 | ▼ 0.51% | O: 1.83 H: 1.91 L: 1.82 | Vol: 7895790.20 | 20:59:59
2025-04-09 20:55:16,742 - __main__ - INFO - 📊 XRPUSDT | Price: 1.82 | ▼ 0.51% | O: 1.83 H: 1.91 L: 1.82 | Vol: 7896029.80 | 20:59:59
2025-04-09 20:55:17,220 - __main__ - INFO - 📊 XRPUSDT | Price: 1.82 | ▼ 0.50% | O: 1.83 H: 1.91 L: 1.82 | Vol: 7912505.10 | 20:59:59
2025-04-09 20:55:17,930 - __main__ - INFO - 📊 XRPUSDT | Price: 1.82 | ▼ 0.51% | O: 1.83 H: 1.91 L: 1.82 | Vol: 7925360.70 | 20:59:59
2025-04-09 20:55:18,996 - __main__ - INFO - 💰 Large BUY Trade | XRPUSDT | Price: 1.82 | Qty: 8021.7000 | Value: $14619.55 | 20:55:17
2025-04-09 20:55:19,000 - __main__ - INFO - 💹 XRPUSDT | Bid: 1.82 (9226.1000) | Ask: 1.82 (22386.8000) | Spread: 0.00 (0.13%)
2025-04-09 20:55:19,243 - __main__ - INFO - 💹 XRPUSDT | Bid: 1.82 (5693.3000) | Ask: 1.82 (22386.8000) | Spread: 0.00 (0.01%)
2025-04-09 20:55:19,244 - __main__ - INFO - 📊 XRPUSDT | Price: 1.82 | ▼ 0.51% | O: 1.83 H: 1.91 L: 1.82 | Vol: 7925688.70 | 20:59:59
2025-04-09 20:55:19,245 - __main__ - INFO - 💰 Large BUY Trade | XRPUSDT | Price: 1.82 | Qty: 5693.3000 | Value: $10377.75 | 20:55:18
2025-04-09 20:55:19,246 - __main__ - INFO - 📊 XRPUSDT | Price: 1.82 | ▼ 0.50% | O: 1.83 H: 1.91 L: 1.82 | Vol: 7986463.40 | 20:59:59
2025-04-09 20:55:22,090 - __main__ - INFO - 📊 XRPUSDT | Price: 1.82 | ▼ 0.48% | O: 1.83 H: 1.91 L: 1.82 | Vol: 7986493.40 | 20:59:59
2025-04-09 20:55:22,553 - __main__ - INFO - 📊 XRPUSDT | Price: 1.82 | ▼ 0.48% | O: 1.83 H: 1.91 L: 1.82 | Vol: 7986537.00 | 20:59:59
2025-04-09 20:55:24,379 - __main__ - INFO - 📊 XRPUSDT | Price: 1.82 | ▼ 0.49% | O: 1.83 H: 1.91 L: 1.82 | Vol: 7986919.80 | 20:59:59
2025-04-09 20:55:25,866 - __main__ - INFO - 📊 XRPUSDT | Price: 1.82 | ▼ 0.49% | O: 1.83 H: 1.91 L: 1.82 | Vol: 7987554.00 | 20:59:59
2025-04-09 20:55:26,501 - __main__ - INFO - 📊 XRPUSDT | Price: 1.82 | ▼ 0.49% | O: 1.83 H: 1.91 L: 1.82 | Vol: 7988103.00 | 20:59:59
2025-04-09 20:55:28,988 - __main__ - INFO - 📊 XRPUSDT | Price: 1.82 | ▼ 0.47% | O: 1.83 H: 1.91 L: 1.82 | Vol: 8008035.90 | 20:59:59
2025-04-09 20:55:31,959 - __main__ - INFO - 📊 XRPUSDT | Price: 1.82 | ▼ 0.47% | O: 1.83 H: 1.91 L: 1.82 | Vol: 8015247.90 | 20:59:59
2025-04-09 20:55:32,372 - __main__ - INFO - 📊 XRPUSDT | Price: 1.82 | ▼ 0.47% | O: 1.83 H: 1.91 L: 1.82 | Vol: 8015249.10 | 20:59:59
2025-04-09 20:55:36,363 - __main__ - INFO - 📊 XRPUSDT | Price: 1.82 | ▼ 0.47% | O: 1.83 H: 1.91 L: 1.82 | Vol: 8015249.80 | 20:59:59
2025-04-09 20:55:39,027 - __main__ - INFO - 📊 XRPUSDT | Price: 1.82 | ▼ 0.47% | O: 1.83 H: 1.91 L: 1.82 | Vol: 8017734.50 | 20:59:59
2025-04-09 20:55:39,130 - __main__ - INFO - 💰 Large BUY Trade | XRPUSDT | Price: 1.82 | Qty: 7601.4000 | Value: $13858.87 | 20:55:39
2025-04-09 20:55:39,228 - __main__ - INFO - 📊 XRPUSDT | Price: 1.82 | ▼ 0.47% | O: 1.83 H: 1.91 L: 1.82 | Vol: 8040735.40 | 20:59:59
2025-04-09 20:55:42,300 - __main__ - INFO - 📊 XRPUSDT | Price: 1.82 | ▼ 0.47% | O: 1.83 H: 1.91 L: 1.82 | Vol: 8056238.10 | 20:59:59
2025-04-09 20:55:42,625 - __main__ - INFO - 📊 XRPUSDT | Price: 1.82 | ▼ 0.48% | O: 1.83 H: 1.91 L: 1.82 | Vol: 8069693.00 | 20:59:59
2025-04-09 20:55:45,479 - __main__ - INFO - 📊 XRPUSDT | Price: 1.82 | ▼ 0.49% | O: 1.83 H: 1.91 L: 1.82 | Vol: 8072073.80 | 20:59:59
2025-04-09 20:55:47,271 - __main__ - INFO - 📊 XRPUSDT | Price: 1.82 | ▼ 0.49% | O: 1.83 H: 1.91 L: 1.82 | Vol: 8080058.90 | 20:59:59
2025-04-09 20:55:48,244 - __main__ - INFO - 📊 XRPUSDT | Price: 1.82 | ▼ 0.49% | O: 1.83 H: 1.91 L: 1.82 | Vol: 8080059.10 | 20:59:59
2025-04-09 20:55:48,855 - __main__ - INFO - 📊 XRPUSDT | Price: 1.82 | ▼ 0.49% | O: 1.83 H: 1.91 L: 1.82 | Vol: 8080069.90 | 20:59:59
2025-04-09 20:55:50,287 - __main__ - INFO - 📊 XRPUSDT | Price: 1.82 | ▼ 0.49% | O: 1.83 H: 1.91 L: 1.82 | Vol: 8080080.40 | 20:59:59
2025-04-09 20:55:51,827 - __main__ - INFO - 📊 XRPUSDT | Price: 1.82 | ▼ 0.49% | O: 1.83 H: 1.91 L: 1.82 | Vol: 8080546.90 | 20:59:59
2025-04-09 20:55:53,404 - __main__ - INFO - 📊 XRPUSDT | Price: 1.82 | ▼ 0.49% | O: 1.83 H: 1.91 L: 1.82 | Vol: 8086030.30 | 20:59:59
2025-04-09 20:55:54,092 - __main__ - INFO - 📊 XRPUSDT | Price: 1.82 | ▼ 0.49% | O: 1.83 H: 1.91 L: 1.82 | Vol: 8092187.80 | 20:59:59
2025-04-09 20:55:55,407 - __main__ - INFO - 📊 XRPUSDT | Price: 1.82 | ▼ 0.50% | O: 1.83 H: 1.91 L: 1.82 | Vol: 8095559.10 | 20:59:59
2025-04-09 20:55:55,955 - __main__ - INFO - 📊 XRPUSDT | Price: 1.82 | ▼ 0.50% | O: 1.83 H: 1.91 L: 1.82 | Vol: 8095645.70 | 20:59:59
2025-04-09 20:55:56,810 - __main__ - INFO - 📊 XRPUSDT | Price: 1.82 | ▼ 0.50% | O: 1.83 H: 1.91 L: 1.82 | Vol: 8095648.50 | 20:59:59
2025-04-09 20:55:57,256 - __main__ - INFO - 📊 XRPUSDT | Price: 1.82 | ▼ 0.50% | O: 1.83 H: 1.91 L: 1.82 | Vol: 8096225.30 | 20:59:59
2025-04-09 20:55:58,602 - __main__ - INFO - 📊 XRPUSDT | Price: 1.82 | ▼ 0.50% | O: 1.83 H: 1.91 L: 1.82 | Vol: 8096609.20 | 20:59:59
2025-04-09 20:55:59,796 - __main__ - INFO - 📊 XRPUSDT | Price: 1.82 | ▼ 0.50% | O: 1.83 H: 1.91 L: 1.82 | Vol: 8096636.50 | 20:59:59
2025-04-09 20:56:01,247 - __main__ - INFO - 💰 Large SELL Trade | XRPUSDT | Price: 1.82 | Qty: 6052.6000 | Value: $11033.28 | 20:56:01
2025-04-09 20:56:01,249 - __main__ - INFO - 💰 Large SELL Trade | XRPUSDT | Price: 1.82 | Qty: 5527.6000 | Value: $10076.81 | 20:56:01
2025-04-09 20:56:01,251 - __main__ - INFO - 📊 XRPUSDT | Price: 1.82 | ▼ 0.50% | O: 1.83 H: 1.91 L: 1.82 | Vol: 8102430.70 | 20:59:59
2025-04-09 20:56:02,882 - __main__ - INFO - 📊 XRPUSDT | Price: 1.82 | ▼ 0.50% | O: 1.83 H: 1.91 L: 1.82 | Vol: 8121036.60 | 20:59:59
2025-04-09 20:56:03,804 - __main__ - INFO - 📊 XRPUSDT | Price: 1.82 | ▼ 0.49% | O: 1.83 H: 1.91 L: 1.82 | Vol: 8123255.50 | 20:59:59
2025-04-09 20:56:04,322 - __main__ - INFO - 📊 XRPUSDT | Price: 1.82 | ▼ 0.49% | O: 1.83 H: 1.91 L: 1.82 | Vol: 8123267.50 | 20:59:59
2025-04-09 20:56:05,152 - __main__ - INFO - 📊 XRPUSDT | Price: 1.82 | ▼ 0.50% | O: 1.83 H: 1.91 L: 1.82 | Vol: 8123370.20 | 20:59:59
2025-04-09 20:56:05,443 - __main__ - INFO - 📊 XRPUSDT | Price: 1.82 | ▼ 0.50% | O: 1.83 H: 1.91 L: 1.82 | Vol: 8123462.90 | 20:59:59
2025-04-09 20:56:06,167 - __main__ - INFO - 💰 Large BUY Trade | XRPUSDT | Price: 1.82 | Qty: 7601.4000 | Value: $13855.07 | 20:56:05
2025-04-09 20:56:06,171 - __main__ - INFO - 📊 XRPUSDT | Price: 1.82 | ▼ 0.50% | O: 1.83 H: 1.91 L: 1.82 | Vol: 8123887.80 | 20:59:59
2025-04-09 20:56:06,428 - __main__ - INFO - 📊 XRPUSDT | Price: 1.82 | ▼ 0.51% | O: 1.83 H: 1.91 L: 1.82 | Vol: 8164999.00 | 20:59:59
2025-04-09 20:56:06,787 - __main__ - INFO - 💰 Large BUY Trade | XRPUSDT | Price: 1.82 | Qty: 5792.6000 | Value: $10556.43 | 20:56:06
2025-04-09 20:56:07,898 - __main__ - INFO - 📊 XRPUSDT | Price: 1.82 | ▼ 0.52% | O: 1.83 H: 1.91 L: 1.82 | Vol: 8200036.80 | 20:59:59
2025-04-09 20:56:09,502 - __main__ - INFO - 💰 Large BUY Trade | XRPUSDT | Price: 1.82 | Qty: 7601.4000 | Value: $13852.79 | 20:56:09
2025-04-09 20:56:09,503 - __main__ - INFO - 📊 XRPUSDT | Price: 1.82 | ▼ 0.52% | O: 1.83 H: 1.91 L: 1.82 | Vol: 8200758.50 | 20:59:59
2025-04-09 20:56:10,204 - __main__ - INFO - 📊 XRPUSDT | Price: 1.82 | ▼ 0.52% | O: 1.83 H: 1.91 L: 1.82 | Vol: 8216735.90 | 20:59:59
2025-04-09 20:56:11,792 - __main__ - INFO - 📊 XRPUSDT | Price: 1.82 | ▼ 0.52% | O: 1.83 H: 1.91 L: 1.82 | Vol: 8218983.00 | 20:59:59
2025-04-09 20:56:12,628 - __main__ - INFO - 📊 XRPUSDT | Price: 1.82 | ▼ 0.52% | O: 1.83 H: 1.91 L: 1.82 | Vol: 8218983.30 | 20:59:59
2025-04-09 20:56:13,615 - __main__ - INFO - 📊 XRPUSDT | Price: 1.82 | ▼ 0.52% | O: 1.83 H: 1.91 L: 1.82 | Vol: 8219386.40 | 20:59:59
2025-04-09 20:56:13,733 - __main__ - INFO - 💰 Large BUY Trade | XRPUSDT | Price: 1.82 | Qty: 5792.6000 | Value: $10556.43 | 20:56:13
2025-04-09 20:56:13,814 - __main__ - INFO - 💰 Large BUY Trade | XRPUSDT | Price: 1.82 | Qty: 5792.6000 | Value: $10555.28 | 20:56:13
2025-04-09 20:56:15,032 - __main__ - INFO - 💰 Large BUY Trade | XRPUSDT | Price: 1.82 | Qty: 5792.6000 | Value: $10554.70 | 20:56:14
2025-04-09 20:56:15,044 - __main__ - INFO - 📊 XRPUSDT | Price: 1.82 | ▼ 0.53% | O: 1.83 H: 1.91 L: 1.82 | Vol: 8251119.90 | 20:59:59
2025-04-09 20:56:15,315 - __main__ - INFO - 📊 XRPUSDT | Price: 1.82 | ▼ 0.54% | O: 1.83 H: 1.91 L: 1.82 | Vol: 8260778.80 | 20:59:59
2025-04-09 20:56:16,707 - __main__ - INFO - 📊 XRPUSDT | Price: 1.82 | ▼ 0.54% | O: 1.83 H: 1.91 L: 1.82 | Vol: 8260809.70 | 20:59:59
2025-04-09 20:56:21,104 - __main__ - INFO - 💰 Large BUY Trade | XRPUSDT | Price: 1.82 | Qty: 10551.9000 | Value: $19226.62 | 20:56:20
2025-04-09 20:56:21,224 - __main__ - INFO - 📊 XRPUSDT | Price: 1.82 | ▼ 0.54% | O: 1.83 H: 1.91 L: 1.82 | Vol: 8261632.90 | 20:59:59
2025-04-09 20:56:21,479 - __main__ - INFO - 📊 XRPUSDT | Price: 1.82 | ▼ 0.55% | O: 1.83 H: 1.91 L: 1.82 | Vol: 8308533.00 | 20:59:59
2025-04-09 20:56:21,930 - __main__ - INFO - 📊 XRPUSDT | Price: 1.82 | ▼ 0.56% | O: 1.83 H: 1.91 L: 1.82 | Vol: 8349495.50 | 20:59:59
2025-04-09 20:56:21,931 - __main__ - INFO - 💰 Large BUY Trade | XRPUSDT | Price: 1.82 | Qty: 5792.6000 | Value: $10552.38 | 20:56:21
2025-04-09 20:56:22,008 - __main__ - INFO - 📊 XRPUSDT | Price: 1.82 | ▼ 0.56% | O: 1.83 H: 1.91 L: 1.82 | Vol: 8357081.70 | 20:59:59
2025-04-09 20:56:22,751 - __main__ - INFO - 💰 Large BUY Trade | XRPUSDT | Price: 1.82 | Qty: 8540.0000 | Value: $15556.46 | 20:56:22
2025-04-09 20:56:22,760 - __main__ - INFO - 📊 XRPUSDT | Price: 1.82 | ▼ 0.56% | O: 1.83 H: 1.91 L: 1.82 | Vol: 8361102.40 | 20:59:59
2025-04-09 20:56:22,877 - __main__ - INFO - 💰 Large BUY Trade | XRPUSDT | Price: 1.82 | Qty: 5693.3000 | Value: $10370.35 | 20:56:22
2025-04-09 20:56:22,910 - __main__ - INFO - 💰 Large BUY Trade | XRPUSDT | Price: 1.82 | Qty: 11606.1000 | Value: $21140.51 | 20:56:22
2025-04-09 20:56:23,084 - __main__ - INFO - 📊 XRPUSDT | Price: 1.82 | ▼ 0.57% | O: 1.83 H: 1.91 L: 1.82 | Vol: 8406029.70 | 20:59:59
2025-04-09 20:56:26,947 - __main__ - INFO - 📊 XRPUSDT | Price: 1.82 | ▼ 0.57% | O: 1.83 H: 1.91 L: 1.82 | Vol: 8406488.70 | 20:59:59
2025-04-09 20:56:28,998 - __main__ - INFO - 📊 XRPUSDT | Price: 1.82 | ▼ 0.56% | O: 1.83 H: 1.91 L: 1.82 | Vol: 8406548.10 | 20:59:59
2025-04-09 20:56:29,816 - __main__ - INFO - 💰 Large BUY Trade | XRPUSDT | Price: 1.82 | Qty: 5792.6000 | Value: $10550.06 | 20:56:29
2025-04-09 20:56:29,819 - __main__ - INFO - 📊 XRPUSDT | Price: 1.82 | ▼ 0.57% | O: 1.83 H: 1.91 L: 1.82 | Vol: 8407035.30 | 20:59:59
2025-04-09 20:56:33,614 - __main__ - INFO - 📊 XRPUSDT | Price: 1.82 | ▼ 0.59% | O: 1.83 H: 1.91 L: 1.82 | Vol: 8449370.80 | 20:59:59
2025-04-09 20:56:34,004 - __main__ - INFO - 📊 XRPUSDT | Price: 1.82 | ▼ 0.58% | O: 1.83 H: 1.91 L: 1.82 | Vol: 8451731.60 | 20:59:59
2025-04-09 20:56:34,831 - __main__ - INFO - 📊 XRPUSDT | Price: 1.82 | ▼ 0.59% | O: 1.83 H: 1.91 L: 1.82 | Vol: 8451931.60 | 20:59:59
2025-04-09 20:56:36,980 - __main__ - INFO - 📊 XRPUSDT | Price: 1.82 | ▼ 0.58% | O: 1.83 H: 1.91 L: 1.82 | Vol: 8453953.40 | 20:59:59
2025-04-09 20:56:37,802 - __main__ - INFO - 📊 XRPUSDT | Price: 1.82 | ▼ 0.59% | O: 1.83 H: 1.91 L: 1.82 | Vol: 8454277.70 | 20:59:59
2025-04-09 20:56:37,938 - __main__ - INFO - 💹 XRPUSDT | Bid: 1.82 (277.6000) | Ask: 1.82 (7049.2000) | Spread: 0.00 (0.06%)
2025-04-09 20:56:39,335 - __main__ - INFO - 📊 XRPUSDT | Price: 1.82 | ▼ 0.64% | O: 1.83 H: 1.91 L: 1.82 | Vol: 8462307.10 | 20:59:59
2025-04-09 20:56:42,551 - __main__ - INFO - 📊 XRPUSDT | Price: 1.82 | ▼ 0.64% | O: 1.83 H: 1.91 L: 1.82 | Vol: 8462314.40 | 20:59:59
2025-04-09 20:56:43,329 - __main__ - INFO - 📊 XRPUSDT | Price: 1.82 | ▼ 0.65% | O: 1.83 H: 1.91 L: 1.82 | Vol: 8463003.70 | 20:59:59
2025-04-09 20:56:45,480 - __main__ - INFO - 📊 XRPUSDT | Price: 1.82 | ▼ 0.65% | O: 1.83 H: 1.91 L: 1.82 | Vol: 8469627.60 | 20:59:59
2025-04-09 20:56:45,889 - __main__ - INFO - 📊 XRPUSDT | Price: 1.82 | ▼ 0.66% | O: 1.83 H: 1.91 L: 1.82 | Vol: 8478580.60 | 20:59:59
2025-04-09 20:56:48,360 - __main__ - INFO - 📊 XRPUSDT | Price: 1.82 | ▼ 0.66% | O: 1.83 H: 1.91 L: 1.82 | Vol: 8478580.80 | 20:59:59
2025-04-09 20:56:49,288 - __main__ - INFO - 📊 XRPUSDT | Price: 1.82 | ▼ 0.66% | O: 1.83 H: 1.91 L: 1.82 | Vol: 8482419.20 | 20:59:59
2025-04-09 20:56:50,296 - __main__ - INFO - 📊 XRPUSDT | Price: 1.82 | ▼ 0.67% | O: 1.83 H: 1.91 L: 1.82 | Vol: 8508320.00 | 20:59:59
2025-04-09 20:56:50,704 - __main__ - INFO - 📊 XRPUSDT | Price: 1.82 | ▼ 0.67% | O: 1.83 H: 1.91 L: 1.82 | Vol: 8508878.30 | 20:59:59
2025-04-09 20:56:52,649 - __main__ - INFO - 📊 XRPUSDT | Price: 1.82 | ▼ 0.67% | O: 1.83 H: 1.91 L: 1.82 | Vol: 8508884.80 | 20:59:59
2025-04-09 20:56:53,264 - __main__ - INFO - 📊 XRPUSDT | Price: 1.82 | ▼ 0.67% | O: 1.83 H: 1.91 L: 1.82 | Vol: 8516700.30 | 20:59:59
2025-04-09 20:56:53,795 - __main__ - INFO - 💰 Large BUY Trade | XRPUSDT | Price: 1.82 | Qty: 19106.5000 | Value: $34771.92 | 20:56:53
2025-04-09 20:56:53,862 - __main__ - INFO - 📊 XRPUSDT | Price: 1.82 | ▼ 0.66% | O: 1.83 H: 1.91 L: 1.82 | Vol: 8535809.60 | 20:59:59
2025-04-09 20:56:54,388 - __main__ - INFO - 📊 XRPUSDT | Price: 1.82 | ▼ 0.66% | O: 1.83 H: 1.91 L: 1.82 | Vol: 8535837.80 | 20:59:59
2025-04-09 20:56:55,002 - __main__ - INFO - 💰 Large BUY Trade | XRPUSDT | Price: 1.82 | Qty: 5792.6000 | Value: $10541.95 | 20:56:54
2025-04-09 20:56:55,003 - __main__ - INFO - 💰 Large BUY Trade | XRPUSDT | Price: 1.82 | Qty: 16200.2000 | Value: $29482.74 | 20:56:54
2025-04-09 20:56:55,004 - __main__ - INFO - 📊 XRPUSDT | Price: 1.82 | ▼ 0.66% | O: 1.83 H: 1.91 L: 1.82 | Vol: 8536057.20 | 20:59:59
2025-04-09 20:56:55,720 - __main__ - INFO - 📊 XRPUSDT | Price: 1.82 | ▼ 0.67% | O: 1.83 H: 1.91 L: 1.82 | Vol: 8558280.30 | 20:59:59
2025-04-09 20:56:57,704 - __main__ - INFO - 📊 XRPUSDT | Price: 1.82 | ▼ 0.67% | O: 1.83 H: 1.91 L: 1.82 | Vol: 8558371.70 | 20:59:59
2025-04-09 20:57:00,429 - __main__ - INFO - 📊 XRPUSDT | Price: 1.82 | ▼ 0.67% | O: 1.83 H: 1.91 L: 1.82 | Vol: 8558399.20 | 20:59:59
2025-04-09 20:57:01,037 - __main__ - INFO - 📊 XRPUSDT | Price: 1.82 | ▼ 0.67% | O: 1.83 H: 1.91 L: 1.82 | Vol: 8563905.60 | 20:59:59
2025-04-09 20:57:01,662 - __main__ - INFO - 📊 XRPUSDT | Price: 1.82 | ▼ 0.67% | O: 1.83 H: 1.91 L: 1.82 | Vol: 8564905.60 | 20:59:59
2025-04-09 20:57:05,757 - __main__ - INFO - 📊 XRPUSDT | Price: 1.82 | ▼ 0.67% | O: 1.83 H: 1.91 L: 1.82 | Vol: 8567566.20 | 20:59:59
2025-04-09 20:57:05,960 - __main__ - INFO - 📊 XRPUSDT | Price: 1.82 | ▼ 0.68% | O: 1.83 H: 1.91 L: 1.82 | Vol: 8593339.30 | 20:59:59
2025-04-09 20:57:06,409 - __main__ - INFO - 📊 XRPUSDT | Price: 1.82 | ▼ 0.68% | O: 1.83 H: 1.91 L: 1.82 | Vol: 8610565.00 | 20:59:59
2025-04-09 20:57:07,188 - __main__ - INFO - 📊 XRPUSDT | Price: 1.82 | ▼ 0.69% | O: 1.83 H: 1.91 L: 1.82 | Vol: 8612975.70 | 20:59:59
2025-04-09 20:57:08,092 - __main__ - INFO - 📊 XRPUSDT | Price: 1.82 | ▼ 0.68% | O: 1.83 H: 1.91 L: 1.82 | Vol: 8615560.50 | 20:59:59
2025-04-09 20:57:08,293 - __main__ - INFO - 📊 XRPUSDT | Price: 1.82 | ▼ 0.67% | O: 1.83 H: 1.91 L: 1.82 | Vol: 8622566.40 | 20:59:59
2025-04-09 20:57:09,707 - __main__ - INFO - 💰 Large SELL Trade | XRPUSDT | Price: 1.82 | Qty: 6017.4000 | Value: $10950.46 | 20:57:09
2025-04-09 20:57:09,714 - __main__ - INFO - 📊 XRPUSDT | Price: 1.82 | ▼ 0.67% | O: 1.83 H: 1.91 L: 1.82 | Vol: 8639922.80 | 20:59:59
2025-04-09 20:57:10,195 - __main__ - INFO - 📊 XRPUSDT | Price: 1.82 | ▼ 0.66% | O: 1.83 H: 1.91 L: 1.82 | Vol: 8667575.30 | 20:59:59
2025-04-09 20:57:10,485 - __main__ - INFO - 📊 XRPUSDT | Price: 1.82 | ▼ 0.66% | O: 1.83 H: 1.91 L: 1.82 | Vol: 8667588.30 | 20:59:59
2025-04-09 20:57:12,424 - __main__ - INFO - 💰 Large BUY Trade | XRPUSDT | Price: 1.82 | Qty: 9061.4000 | Value: $16489.94 | 20:57:12
2025-04-09 20:57:13,028 - __main__ - INFO - 📊 XRPUSDT | Price: 1.82 | ▼ 0.67% | O: 1.83 H: 1.91 L: 1.82 | Vol: 8676649.70 | 20:59:59
2025-04-09 20:57:13,126 - __main__ - INFO - 📊 XRPUSDT | Price: 1.82 | ▼ 0.66% | O: 1.83 H: 1.91 L: 1.82 | Vol: 8681992.50 | 20:59:59
2025-04-09 20:57:13,834 - __main__ - INFO - 📊 XRPUSDT | Price: 1.82 | ▼ 0.66% | O: 1.83 H: 1.91 L: 1.82 | Vol: 8689210.30 | 20:59:59
2025-04-09 20:57:15,396 - __main__ - INFO - 📊 XRPUSDT | Price: 1.82 | ▼ 0.67% | O: 1.83 H: 1.91 L: 1.82 | Vol: 8695659.60 | 20:59:59
2025-04-09 20:57:16,775 - __main__ - INFO - 📊 XRPUSDT | Price: 1.82 | ▼ 0.67% | O: 1.83 H: 1.91 L: 1.82 | Vol: 8702889.60 | 20:59:59
2025-04-09 20:57:18,357 - __main__ - INFO - 💰 Large BUY Trade | XRPUSDT | Price: 1.82 | Qty: 5693.3000 | Value: $10359.53 | 20:57:18
2025-04-09 20:57:18,359 - __main__ - INFO - 📊 XRPUSDT | Price: 1.82 | ▼ 0.67% | O: 1.83 H: 1.91 L: 1.82 | Vol: 8708255.50 | 20:59:59
2025-04-09 20:57:20,808 - __main__ - INFO - 📊 XRPUSDT | Price: 1.82 | ▼ 0.68% | O: 1.83 H: 1.91 L: 1.82 | Vol: 8730148.80 | 20:59:59
2025-04-09 20:57:22,342 - __main__ - INFO - 📊 XRPUSDT | Price: 1.82 | ▼ 0.68% | O: 1.83 H: 1.91 L: 1.82 | Vol: 8738206.70 | 20:59:59
2025-04-09 20:57:23,677 - __main__ - INFO - 📊 XRPUSDT | Price: 1.82 | ▼ 0.67% | O: 1.83 H: 1.91 L: 1.82 | Vol: 8739383.30 | 20:59:59
2025-04-09 20:57:24,802 - __main__ - INFO - 📊 XRPUSDT | Price: 1.82 | ▼ 0.68% | O: 1.83 H: 1.91 L: 1.82 | Vol: 8740485.60 | 20:59:59
2025-04-09 20:57:25,724 - __main__ - INFO - 📊 XRPUSDT | Price: 1.82 | ▼ 0.68% | O: 1.83 H: 1.91 L: 1.82 | Vol: 8741348.50 | 20:59:59
2025-04-09 20:57:27,259 - __main__ - INFO - 📊 XRPUSDT | Price: 1.82 | ▼ 0.67% | O: 1.83 H: 1.91 L: 1.82 | Vol: 8741462.70 | 20:59:59
2025-04-09 20:57:27,772 - __main__ - INFO - 📊 XRPUSDT | Price: 1.82 | ▼ 0.67% | O: 1.83 H: 1.91 L: 1.82 | Vol: 8743593.60 | 20:59:59
2025-04-09 20:57:29,511 - __main__ - INFO - 📊 XRPUSDT | Price: 1.82 | ▼ 0.68% | O: 1.83 H: 1.91 L: 1.82 | Vol: 8743651.10 | 20:59:59
2025-04-09 20:57:30,639 - __main__ - INFO - 📊 XRPUSDT | Price: 1.82 | ▼ 0.67% | O: 1.83 H: 1.91 L: 1.82 | Vol: 8744739.40 | 20:59:59
2025-04-09 20:57:30,962 - __main__ - INFO - 📊 XRPUSDT | Price: 1.82 | ▼ 0.67% | O: 1.83 H: 1.91 L: 1.82 | Vol: 8756179.10 | 20:59:59
2025-04-09 20:57:31,870 - __main__ - INFO - 📊 XRPUSDT | Price: 1.82 | ▼ 0.67% | O: 1.83 H: 1.91 L: 1.82 | Vol: 8756182.90 | 20:59:59
2025-04-09 20:57:32,114 - __main__ - INFO - 📊 XRPUSDT | Price: 1.82 | ▼ 0.67% | O: 1.83 H: 1.91 L: 1.82 | Vol: 8757006.50 | 20:59:59
2025-04-09 20:57:33,306 - __main__ - INFO - 📊 XRPUSDT | Price: 1.82 | ▼ 0.67% | O: 1.83 H: 1.91 L: 1.82 | Vol: 8757026.40 | 20:59:59
2025-04-09 20:57:33,536 - __main__ - INFO - 📊 XRPUSDT | Price: 1.82 | ▼ 0.67% | O: 1.83 H: 1.91 L: 1.82 | Vol: 8764669.60 | 20:59:59
2025-04-09 20:57:36,576 - __main__ - INFO - 💰 Large SELL Trade | XRPUSDT | Price: 1.82 | Qty: 9208.8000 | Value: $16758.17 | 20:57:36
2025-04-09 20:57:36,579 - __main__ - INFO - 📊 XRPUSDT | Price: 1.82 | ▼ 0.67% | O: 1.83 H: 1.91 L: 1.82 | Vol: 8765801.70 | 20:59:59
2025-04-09 20:57:40,674 - __main__ - INFO - 📊 XRPUSDT | Price: 1.82 | ▼ 0.67% | O: 1.83 H: 1.91 L: 1.82 | Vol: 8788107.00 | 20:59:59
2025-04-09 20:57:42,936 - __main__ - INFO - 📊 XRPUSDT | Price: 1.82 | ▼ 0.67% | O: 1.83 H: 1.91 L: 1.82 | Vol: 8789540.00 | 20:59:59
2025-04-09 20:57:43,542 - __main__ - INFO - 📊 XRPUSDT | Price: 1.82 | ▼ 0.67% | O: 1.83 H: 1.91 L: 1.82 | Vol: 8789801.90 | 20:59:59
2025-04-09 20:57:46,413 - __main__ - INFO - 📊 XRPUSDT | Price: 1.82 | ▼ 0.68% | O: 1.83 H: 1.91 L: 1.82 | Vol: 8803134.90 | 20:59:59
2025-04-09 20:57:47,042 - __main__ - INFO - 📊 XRPUSDT | Price: 1.82 | ▼ 0.68% | O: 1.83 H: 1.91 L: 1.82 | Vol: 8806684.00 | 20:59:59
2025-04-09 20:57:49,377 - __main__ - INFO - 📊 XRPUSDT | Price: 1.82 | ▼ 0.68% | O: 1.83 H: 1.91 L: 1.82 | Vol: 8827940.90 | 20:59:59
2025-04-09 20:57:51,117 - __main__ - INFO - 📊 XRPUSDT | Price: 1.82 | ▼ 0.67% | O: 1.83 H: 1.91 L: 1.82 | Vol: 8831020.60 | 20:59:59
2025-04-09 20:57:56,649 - __main__ - INFO - 📊 XRPUSDT | Price: 1.82 | ▼ 0.68% | O: 1.83 H: 1.91 L: 1.82 | Vol: 8831362.70 | 20:59:59
2025-04-09 20:57:59,130 - __main__ - INFO - 💰 Large BUY Trade | XRPUSDT | Price: 1.82 | Qty: 5792.6000 | Value: $10534.42 | 20:57:58
2025-04-09 20:57:59,136 - __main__ - INFO - 📊 XRPUSDT | Price: 1.82 | ▼ 0.69% | O: 1.83 H: 1.91 L: 1.82 | Vol: 8839965.80 | 20:59:59
2025-04-09 20:57:59,311 - __main__ - INFO - 📊 XRPUSDT | Price: 1.82 | ▼ 0.73% | O: 1.83 H: 1.91 L: 1.82 | Vol: 8880940.00 | 20:59:59
2025-04-09 20:58:00,153 - __main__ - INFO - 📊 XRPUSDT | Price: 1.82 | ▼ 0.73% | O: 1.83 H: 1.91 L: 1.82 | Vol: 8882007.20 | 20:59:59
2025-04-09 20:58:01,264 - __main__ - INFO - 📊 XRPUSDT | Price: 1.82 | ▼ 0.73% | O: 1.83 H: 1.91 L: 1.82 | Vol: 8885626.40 | 20:59:59
2025-04-09 20:58:02,279 - __main__ - INFO - 📊 XRPUSDT | Price: 1.82 | ▼ 0.73% | O: 1.83 H: 1.91 L: 1.82 | Vol: 8888887.60 | 20:59:59
2025-04-09 20:58:03,437 - __main__ - INFO - 💰 Large SELL Trade | XRPUSDT | Price: 1.82 | Qty: 8214.0000 | Value: $14942.09 | 20:58:03
2025-04-09 20:58:03,729 - __main__ - INFO - 📊 XRPUSDT | Price: 1.82 | ▼ 0.73% | O: 1.83 H: 1.91 L: 1.82 | Vol: 8888931.60 | 20:59:59
2025-04-09 20:58:03,737 - __main__ - INFO - 💰 Large SELL Trade | XRPUSDT | Price: 1.82 | Qty: 8231.3000 | Value: $14976.85 | 20:58:03
2025-04-09 20:58:03,916 - __main__ - INFO - 📊 XRPUSDT | Price: 1.82 | ▼ 0.68% | O: 1.83 H: 1.91 L: 1.82 | Vol: 8952140.60 | 20:59:59
2025-04-09 20:58:04,534 - __main__ - INFO - 📊 XRPUSDT | Price: 1.82 | ▼ 0.68% | O: 1.83 H: 1.91 L: 1.82 | Vol: 8952321.50 | 20:59:59
2025-04-09 20:58:05,046 - __main__ - INFO - 📊 XRPUSDT | Price: 1.82 | ▼ 0.68% | O: 1.83 H: 1.91 L: 1.82 | Vol: 8954007.50 | 20:59:59
2025-04-09 20:58:05,560 - __main__ - INFO - 📊 XRPUSDT | Price: 1.82 | ▼ 0.68% | O: 1.83 H: 1.91 L: 1.82 | Vol: 8954051.40 | 20:59:59
2025-04-09 20:58:06,275 - __main__ - INFO - 📊 XRPUSDT | Price: 1.82 | ▼ 0.68% | O: 1.83 H: 1.91 L: 1.82 | Vol: 8954067.10 | 20:59:59
2025-04-09 20:58:07,012 - __main__ - INFO - 📊 XRPUSDT | Price: 1.82 | ▼ 0.69% | O: 1.83 H: 1.91 L: 1.82 | Vol: 8954075.80 | 20:59:59
2025-04-09 20:58:08,630 - __main__ - INFO - 📊 XRPUSDT | Price: 1.82 | ▼ 0.68% | O: 1.83 H: 1.91 L: 1.82 | Vol: 8954295.30 | 20:59:59
2025-04-09 20:58:08,632 - __main__ - INFO - 💰 Large SELL Trade | XRPUSDT | Price: 1.82 | Qty: 5966.2000 | Value: $10855.50 | 20:58:08
2025-04-09 20:58:09,566 - __main__ - INFO - 📊 XRPUSDT | Price: 1.82 | ▼ 0.68% | O: 1.83 H: 1.91 L: 1.82 | Vol: 8965173.70 | 20:59:59
2025-04-09 20:58:12,315 - __main__ - INFO - 📊 XRPUSDT | Price: 1.82 | ▼ 0.68% | O: 1.83 H: 1.91 L: 1.82 | Vol: 8970372.80 | 20:59:59
2025-04-09 20:58:13,033 - __main__ - INFO - 📊 XRPUSDT | Price: 1.82 | ▼ 0.69% | O: 1.83 H: 1.91 L: 1.82 | Vol: 8970382.00 | 20:59:59
2025-04-09 20:58:13,541 - __main__ - INFO - 📊 XRPUSDT | Price: 1.82 | ▼ 0.69% | O: 1.83 H: 1.91 L: 1.82 | Vol: 8971479.60 | 20:59:59
2025-04-09 20:58:13,757 - __main__ - INFO - 📊 XRPUSDT | Price: 1.82 | ▼ 0.69% | O: 1.83 H: 1.91 L: 1.82 | Vol: 8979190.80 | 20:59:59
2025-04-09 20:58:14,654 - __main__ - INFO - 📊 XRPUSDT | Price: 1.82 | ▼ 0.69% | O: 1.83 H: 1.91 L: 1.82 | Vol: 8979505.50 | 20:59:59
2025-04-09 20:58:14,773 - __main__ - INFO - 📊 XRPUSDT | Price: 1.82 | ▼ 0.69% | O: 1.83 H: 1.91 L: 1.82 | Vol: 8979514.70 | 20:59:59
2025-04-09 20:58:17,160 - __main__ - INFO - 📊 XRPUSDT | Price: 1.82 | ▼ 0.69% | O: 1.83 H: 1.91 L: 1.82 | Vol: 8979536.90 | 20:59:59
2025-04-09 20:58:18,905 - __main__ - INFO - 📊 XRPUSDT | Price: 1.82 | ▼ 0.69% | O: 1.83 H: 1.91 L: 1.82 | Vol: 8979557.80 | 20:59:59
2025-04-09 20:58:20,087 - __main__ - INFO - 📊 XRPUSDT | Price: 1.82 | ▼ 0.69% | O: 1.83 H: 1.91 L: 1.82 | Vol: 8979562.50 | 20:59:59
2025-04-09 20:58:21,480 - __main__ - INFO - 📊 XRPUSDT | Price: 1.82 | ▼ 0.69% | O: 1.83 H: 1.91 L: 1.82 | Vol: 8979566.00 | 20:59:59
2025-04-09 20:58:22,274 - __main__ - INFO - 📊 XRPUSDT | Price: 1.82 | ▼ 0.69% | O: 1.83 H: 1.91 L: 1.82 | Vol: 8980366.00 | 20:59:59
2025-04-09 20:58:22,579 - __main__ - INFO - 📊 XRPUSDT | Price: 1.82 | ▼ 0.69% | O: 1.83 H: 1.91 L: 1.82 | Vol: 8983090.70 | 20:59:59
2025-04-09 20:58:22,759 - __main__ - INFO - 📊 XRPUSDT | Price: 1.82 | ▼ 0.68% | O: 1.83 H: 1.91 L: 1.82 | Vol: 8999203.30 | 20:59:59
2025-04-09 20:58:23,476 - __main__ - INFO - 📊 XRPUSDT | Price: 1.82 | ▼ 0.69% | O: 1.83 H: 1.91 L: 1.82 | Vol: 9009088.00 | 20:59:59
2025-04-09 20:58:25,215 - __main__ - INFO - 📊 XRPUSDT | Price: 1.82 | ▼ 0.69% | O: 1.83 H: 1.91 L: 1.82 | Vol: 9009115.50 | 20:59:59
2025-04-09 20:58:25,217 - __main__ - INFO - 📊 XRPUSDT | Price: 1.82 | ▼ 0.69% | O: 1.83 H: 1.91 L: 1.82 | Vol: 9021251.80 | 20:59:59
2025-04-09 20:58:26,035 - __main__ - INFO - 📊 XRPUSDT | Price: 1.82 | ▼ 0.70% | O: 1.83 H: 1.91 L: 1.82 | Vol: 9021274.30 | 20:59:59
2025-04-09 20:58:27,059 - __main__ - INFO - 📊 XRPUSDT | Price: 1.82 | ▼ 0.69% | O: 1.83 H: 1.91 L: 1.82 | Vol: 9021566.20 | 20:59:59
2025-04-09 20:58:28,930 - __main__ - INFO - 📊 XRPUSDT | Price: 1.82 | ▼ 0.70% | O: 1.83 H: 1.91 L: 1.82 | Vol: 9022613.60 | 20:59:59
2025-04-09 20:58:29,724 - __main__ - INFO - 📊 XRPUSDT | Price: 1.82 | ▼ 0.70% | O: 1.83 H: 1.91 L: 1.82 | Vol: 9022644.50 | 20:59:59
2025-04-09 20:58:33,101 - __main__ - INFO - 📊 XRPUSDT | Price: 1.82 | ▼ 0.69% | O: 1.83 H: 1.91 L: 1.82 | Vol: 9022658.80 | 20:59:59
2025-04-09 20:58:33,417 - __main__ - INFO - 📊 XRPUSDT | Price: 1.82 | ▼ 0.69% | O: 1.83 H: 1.91 L: 1.82 | Vol: 9022758.80 | 20:59:59
2025-04-09 20:58:36,598 - __main__ - INFO - 📊 XRPUSDT | Price: 1.82 | ▼ 0.70% | O: 1.83 H: 1.91 L: 1.82 | Vol: 9023583.20 | 20:59:59
2025-04-09 20:58:36,852 - __main__ - INFO - 📊 XRPUSDT | Price: 1.82 | ▼ 0.71% | O: 1.83 H: 1.91 L: 1.82 | Vol: 9030545.50 | 20:59:59
2025-04-09 20:58:42,333 - __main__ - INFO - 💹 XRPUSDT | Bid: 1.82 (1165.6000) | Ask: 1.82 (400.0000) | Spread: 0.00 (0.01%)
2025-04-09 20:58:42,333 - __main__ - INFO - 📊 XRPUSDT | Price: 1.82 | ▼ 0.76% | O: 1.83 H: 1.91 L: 1.82 | Vol: 9035918.40 | 20:59:59
2025-04-09 20:58:44,574 - __main__ - INFO - 📊 XRPUSDT | Price: 1.82 | ▼ 0.78% | O: 1.83 H: 1.91 L: 1.82 | Vol: 9036739.30 | 20:59:59
2025-04-09 20:58:44,773 - __main__ - INFO - 📊 XRPUSDT | Price: 1.82 | ▼ 0.78% | O: 1.83 H: 1.91 L: 1.82 | Vol: 9045679.50 | 20:59:59
2025-04-09 20:58:48,056 - __main__ - INFO - 📊 XRPUSDT | Price: 1.82 | ▼ 0.79% | O: 1.83 H: 1.91 L: 1.82 | Vol: 9050011.30 | 20:59:59
2025-04-09 20:58:48,061 - __main__ - INFO - 💰 Large BUY Trade | XRPUSDT | Price: 1.82 | Qty: 5792.6000 | Value: $10525.73 | 20:58:47
2025-04-09 20:58:48,971 - __main__ - INFO - 💰 Large BUY Trade | XRPUSDT | Price: 1.82 | Qty: 6404.5000 | Value: $11636.98 | 20:58:48
2025-04-09 20:58:49,075 - __main__ - INFO - 📊 XRPUSDT | Price: 1.82 | ▼ 0.82% | O: 1.83 H: 1.91 L: 1.82 | Vol: 9120476.60 | 20:59:59
2025-04-09 20:58:49,487 - __main__ - INFO - 💰 Large SELL Trade | XRPUSDT | Price: 1.82 | Qty: 5693.3000 | Value: $10348.14 | 20:58:49
2025-04-09 20:58:49,492 - __main__ - INFO - 📊 XRPUSDT | Price: 1.82 | ▼ 0.80% | O: 1.83 H: 1.91 L: 1.82 | Vol: 9140820.20 | 20:59:59
2025-04-09 20:58:50,319 - __main__ - INFO - 📊 XRPUSDT | Price: 1.82 | ▼ 0.82% | O: 1.83 H: 1.91 L: 1.82 | Vol: 9145641.20 | 20:59:59
2025-04-09 20:58:53,287 - __main__ - INFO - 📊 XRPUSDT | Price: 1.82 | ▼ 0.82% | O: 1.83 H: 1.91 L: 1.82 | Vol: 9146608.10 | 20:59:59
2025-04-09 20:58:54,093 - __main__ - INFO - 📊 XRPUSDT | Price: 1.82 | ▼ 0.82% | O: 1.83 H: 1.91 L: 1.82 | Vol: 9146661.60 | 20:59:59
2025-04-09 20:58:54,709 - __main__ - INFO - 📊 XRPUSDT | Price: 1.82 | ▼ 0.82% | O: 1.83 H: 1.91 L: 1.82 | Vol: 9146804.50 | 20:59:59
2025-04-09 20:58:56,432 - __main__ - INFO - 📊 XRPUSDT | Price: 1.82 | ▼ 0.82% | O: 1.83 H: 1.91 L: 1.82 | Vol: 9146960.00 | 20:59:59
2025-04-09 20:58:56,763 - __main__ - INFO - 📊 XRPUSDT | Price: 1.82 | ▼ 0.82% | O: 1.83 H: 1.91 L: 1.82 | Vol: 9147008.70 | 20:59:59
2025-04-09 20:58:57,376 - __main__ - INFO - 📊 XRPUSDT | Price: 1.82 | ▼ 0.82% | O: 1.83 H: 1.91 L: 1.82 | Vol: 9147070.80 | 20:59:59
2025-04-09 20:58:58,982 - __main__ - INFO - Shutdown signal received. Cleaning up...
2025-04-09 20:58:59,417 - modules.websocket_handler - INFO - WebSocket connections closed
2025-04-09 20:58:59,417 - __main__ - INFO - WebSocket connections closed
2025-04-09 20:58:59,659 - __main__ - INFO - Bot stopped. Generating final report...
2025-04-09 20:58:59,659 - __main__ - INFO - Generating performance report...
2025-04-09 20:59:00,241 - __main__ - INFO - Raw balance from API: 9296.00616048 USDT
2025-04-09 20:59:00,242 - __main__ - INFO - 
    ===== PERFORMANCE REPORT =====
    Time: 2025-04-09 20:59:00.242780
    
    Starting Balance: 9296.01 USDT
    Current Balance: 9296.01 USDT
    
    Total Profit/Loss: 0.00 USDT (0.00%)
    Daily Profit/Loss: -0.12 USDT (-0.00%)
    
    Total Trades: 2
    Winning Trades: 0
    Losing Trades: 1
    
    Win Rate: 0.00%
    
2025-04-09 20:59:04,518 - __main__ - INFO - Trading state saved
